#
# A fatal error has been detected by the Java Runtime Environment:
#
#  SIGSEGV (0xb) at pc=0x00007fff99804091, pid=1420, tid=48655
#
# JRE version: Java(TM) SE Runtime Environment (8.0_25-b17) (build 1.8.0_25-b17)
# Java VM: Java HotSpot(TM) 64-Bit Server VM (25.25-b02 mixed mode bsd-amd64 compressed oops)
# Problematic frame:
# C  [libobjc.A.dylib+0x5091]  objc_msgSend+0x11
#
# Failed to write core dump. Core dumps have been disabled. To enable core dumping, try "ulimit -c unlimited" before starting Java again
#
# If you would like to submit a bug report, please visit:
#   http://bugreport.sun.com/bugreport/crash.jsp
# The crash happened outside the Java Virtual Machine in native code.
# See problematic frame for where to report the bug.
#

---------------  T H R E A D  ---------------

Current thread (0x00007fc2938ba800):  JavaThread "Java2D Queue Flusher" daemon [_thread_in_native, id=48655, stack(0x00000001306b8000,0x00000001307b8000)]

siginfo: si_signo: 11 (SIGSEGV), si_code: 0 (unknown), si_addr: 0x0000000000000000

Registers:
RAX=0x00007fc293934000, RBX=0x00007fc2938ba9e8, RCX=0x00007fc293934040, RDX=0x00000000a1a1a1a1
RSP=0x00000001307b77f8, RBP=0x00000001307b7820, RSI=0x00007fff8dd28718, RDI=0xe000000000000000
R8 =0x0000000000000001, R9 =0x0000000000000000, R10=0x00000001369eb9c4, R11=0xffff803e9d47c1d8
R12=0x00007fc293934038, R13=0x00000006c02c17b0, R14=0x00007fc2952262d0, R15=0x00007fc2952251a0
RIP=0x00007fff99804091, EFLAGS=0x0000000000010246, ERR=0x0000000000000000
  TRAPNO=0x000000000000000d

Top of Stack: (sp=0x00000001307b77f8)
0x00000001307b77f8:   000000012c2014ea 00007fc295226410
0x00000001307b7808:   0000000000000000 00007fc29390e100
0x00000001307b7818:   0000000000000038 00000001307b78a0
0x00000001307b7828:   000000012c2215ae 0000000000000000
0x00000001307b7838:   00007fc20000008c 00007fc29390e0b8
0x00000001307b7848:   0000000000000000 0000000000000005
0x00000001307b7858:   00007fc2938ba800 00000006c02c1701
0x00000001307b7868:   00007fc29390e110 00000001007b7800
0x00000001307b7878:   00007fc2938ba9e8 0000000000000000
0x00000001307b7888:   0000000000000000 00000001307b78f0
0x00000001307b7898:   00007fc2938ba800 00000001307b78f0
0x00000001307b78a8:   00000001101c8eaa 00000006c02c16c8
0x00000001307b78b8:   000000000000034c 000000000000044c
0x00000001307b78c8:   0000000700000000 0000000000000001
0x00000001307b78d8:   0000000700000001 00007fc299c895e0
0x00000001307b78e8:   0000000000000202 00000000d80582d9
0x00000001307b78f8:   00000001104b170c 000000000000001e
0x00000001307b7908:   00000006c02c16c8 00000006c02c17b0
0x00000001307b7918:   0000000000000000 00000006c02c17b0
0x00000001307b7928:   000001bc0000001e 0000000100000000
0x00000001307b7938:   00000001307b79d0 0000000000000001
0x00000001307b7948:   0000000000000000 00000001307b79d0
0x00000001307b7958:   000000010fc1f4e7 00000006c0983018
0x00000001307b7968:   00000006c0983018 0000000100001fa0
0x00000001307b7978:   000000000000000a 00007fc2938ba800
0x00000001307b7988:   0000000000000001 000000010fc1f45f
0x00000001307b7998:   00000001292cc390 00000001307b7a68
0x00000001307b79a8:   00000001307b7d00 000000010000000a
0x00000001307b79b8:   00000001292cc390 000000010fc2fde0
0x00000001307b79c8:   00000001307b7c70 00000001307b7b80
0x00000001307b79d8:   000000010eed4516 0000000100000001
0x00000001307b79e8:   00007fc2938ba800 00007fc2938ba800 

Instructions: (pc=0x00007fff99804091)
0x00007fff99804071:   90 90 90 90 90 90 90 90 90 90 90 90 90 90 90 48
0x00007fff99804081:   85 ff 2e 74 72 40 f6 c7 01 2e 0f 85 7e 00 00 00
0x00007fff99804091:   4c 8b 1f 49 89 f2 45 23 53 18 49 c1 e2 04 4d 03
0x00007fff998040a1:   53 10 49 3b 32 75 04 41 ff 62 08 49 83 3a 00 74 

Register to memory mapping:

RAX=0x00007fc293934000 is an unknown value
RBX=0x00007fc2938ba9e8 is an unknown value
RCX=0x00007fc293934040 is an unknown value
RDX=0x00000000a1a1a1a1 is an unknown value
RSP=0x00000001307b77f8 is pointing into the stack for thread: 0x00007fc2938ba800
RBP=0x00000001307b7820 is pointing into the stack for thread: 0x00007fc2938ba800
RSI=0x00007fff8dd28718: NSAppKitVersionNumber+0x15108 in /System/Library/Frameworks/AppKit.framework/Versions/C/AppKit at 0x00007fff8d2c3000
RDI=0xe000000000000000 is an unknown value
R8 =0x0000000000000001 is an unknown value
R9 =0x0000000000000000 is an unknown value
R10=0x00000001369eb9c4 is an unknown value
R11=0xffff803e9d47c1d8 is an unknown value
R12=0x00007fc293934038 is an unknown value
R13=0x00000006c02c17b0 is an oop
sun.java2d.opengl.OGLRenderQueue$QueueFlusher 
 - klass: 'sun/java2d/opengl/OGLRenderQueue$QueueFlusher'
R14=0x00007fc2952262d0 is an unknown value
R15=0x00007fc2952251a0 is an unknown value


Stack: [0x00000001306b8000,0x00000001307b8000],  sp=0x00000001307b77f8,  free space=1021k
Native frames: (J=compiled Java code, j=interpreted, Vv=VM code, C=native code)
C  [libobjc.A.dylib+0x5091]  objc_msgSend+0x11
C  [libawt_lwawt.dylib+0x3b5ae]  Java_sun_java2d_opengl_OGLRenderQueue_flushBuffer+0x63a
J 1796  sun.java2d.opengl.OGLRenderQueue.flushBuffer(JI)V (0 bytes) @ 0x00000001101c8eaa [0x00000001101c8e00+0xaa]
J 5102% C2 sun.java2d.opengl.OGLRenderQueue$QueueFlusher.run()V (234 bytes) @ 0x00000001104b170c [0x00000001104b1580+0x18c]

Java frames: (J=compiled Java code, j=interpreted, Vv=VM code)
J 1796  sun.java2d.opengl.OGLRenderQueue.flushBuffer(JI)V (0 bytes) @ 0x00000001101c8e38 [0x00000001101c8e00+0x38]
J 5102% C2 sun.java2d.opengl.OGLRenderQueue$QueueFlusher.run()V (234 bytes) @ 0x00000001104b170c [0x00000001104b1580+0x18c]
v  ~StubRoutines::call_stub

---------------  P R O C E S S  ---------------

Java Threads: ( => current thread )
  0x00007fc29b5c4800 JavaThread "Image Fetcher 0" daemon [_thread_blocked, id=65523, stack(0x0000000144329000,0x0000000144429000)]
  0x00007fc2939e2000 JavaThread "DestroyJavaVM" [_thread_blocked, id=3335, stack(0x000000010fb1d000,0x000000010fc1d000)]
  0x00007fc293392000 JavaThread "SwingWorker-pool-1-thread-2" daemon [_thread_blocked, id=61187, stack(0x000000013f216000,0x000000013f316000)]
  0x00007fc293a04800 JavaThread "TimerQueue" daemon [_thread_blocked, id=60675, stack(0x000000013f113000,0x000000013f213000)]
  0x00007fc293387800 JavaThread "SwingWorker-pool-1-thread-1" daemon [_thread_blocked, id=60163, stack(0x000000013f010000,0x000000013f110000)]
  0x00007fc29408c800 JavaThread "AWT-EventQueue-0" [_thread_blocked, id=53255, stack(0x00000001321d4000,0x00000001322d4000)]
  0x00007fc294953000 JavaThread "Java2D Disposer" daemon [_thread_blocked, id=50995, stack(0x00000001313ba000,0x00000001314ba000)]
=>0x00007fc2938ba800 JavaThread "Java2D Queue Flusher" daemon [_thread_in_native, id=48655, stack(0x00000001306b8000,0x00000001307b8000)]
  0x00007fc294044000 JavaThread "AWT-Shutdown" [_thread_blocked, id=31243, stack(0x000000012dd1e000,0x000000012de1e000)]
  0x00007fc2938b8000 JavaThread "AppKit Thread" daemon [_thread_in_native, id=8967, stack(0x00007fff5196c000,0x00007fff5216c000)]
  0x00007fc29401d000 JavaThread "Service Thread" daemon [_thread_blocked, id=22275, stack(0x000000012be4b000,0x000000012bf4b000)]
  0x00007fc296000000 JavaThread "C1 CompilerThread3" daemon [_thread_blocked, id=21763, stack(0x000000012bd48000,0x000000012be48000)]
  0x00007fc293809000 JavaThread "C2 CompilerThread2" daemon [_thread_blocked, id=21251, stack(0x000000012bc45000,0x000000012bd45000)]
  0x00007fc293017000 JavaThread "C2 CompilerThread1" daemon [_thread_blocked, id=20739, stack(0x000000012bb42000,0x000000012bc42000)]
  0x00007fc293015800 JavaThread "C2 CompilerThread0" daemon [_thread_blocked, id=20227, stack(0x000000012ba3f000,0x000000012bb3f000)]
  0x00007fc29300f800 JavaThread "Signal Dispatcher" daemon [_thread_blocked, id=19715, stack(0x000000012b93c000,0x000000012ba3c000)]
  0x00007fc293808000 JavaThread "Finalizer" daemon [_thread_blocked, id=14595, stack(0x000000012b6f0000,0x000000012b7f0000)]
  0x00007fc293807000 JavaThread "Reference Handler" daemon [_thread_blocked, id=14083, stack(0x000000012b5ed000,0x000000012b6ed000)]

Other Threads:
  0x00007fc29484d800 VMThread [stack: 0x000000012b4ea000,0x000000012b5ea000] [id=13571]
  0x00007fc29400a000 WatcherThread [stack: 0x000000012bf4e000,0x000000012c04e000] [id=22787]

VM state:not at safepoint (normal execution)

VM Mutex/Monitor currently owned by a thread: None

Heap:
 PSYoungGen      total 49152K, used 14925K [0x000000076ab00000, 0x000000076ee00000, 0x00000007c0000000)
  eden space 33792K, 1% used [0x000000076ab00000,0x000000076ab77a70,0x000000076cc00000)
  from space 15360K, 94% used [0x000000076cc80000,0x000000076da9ba88,0x000000076db80000)
  to   space 17408K, 0% used [0x000000076dd00000,0x000000076dd00000,0x000000076ee00000)
 ParOldGen       total 113664K, used 95330K [0x00000006c0000000, 0x00000006c6f00000, 0x000000076ab00000)
  object space 113664K, 83% used [0x00000006c0000000,0x00000006c5d18b10,0x00000006c6f00000)
 Metaspace       used 19416K, capacity 19762K, committed 19968K, reserved 1067008K
  class space    used 2431K, capacity 2506K, committed 2560K, reserved 1048576K

Card table byte_map: [0x000000011efdf000,0x000000011f7e0000] byte_map_base: 0x000000011b9df000

Marking Bits: (ParMarkBitMap*) 0x000000010f49d390
 Begin Bits: [0x000000012054e000, 0x000000012454e000)
 End Bits:   [0x000000012454e000, 0x000000012854e000)

Polling page: 0x000000010dbea000

CodeCache: size=245760Kb used=17568Kb max_used=17572Kb free=228191Kb
 bounds [0x000000010fc1f000, 0x0000000110d7f000, 0x000000011ec1f000]
 total_blobs=5535 nmethods=4980 adapters=465
 compilation: enabled

Compilation events (10 events):
Event: 13274,827 Thread 0x00007fc296000000 6279  s    3       sun.java2d.loops.TransformHelper::getFromCache (43 bytes)
Event: 13274,827 Thread 0x00007fc296000000 nmethod 6279 0x00000001101f71d0 code [0x00000001101f73a0, 0x00000001101f7b88]
Event: 13274,911 Thread 0x00007fc296000000 6284       3       sun.dc.DuctusRenderingEngine::getTransformMatrix (36 bytes)
Event: 13274,911 Thread 0x00007fc296000000 nmethod 6284 0x000000010fd58a50 code [0x000000010fd58be0, 0x000000010fd58f48]
Event: 13274,913 Thread 0x00007fc296000000 6283       3       sun.java2d.SunGraphics2D::setStroke (60 bytes)
Event: 13274,913 Thread 0x00007fc296000000 nmethod 6283 0x0000000110d5e5d0 code [0x0000000110d5e780, 0x0000000110d5ed28]
Event: 13644,106 Thread 0x00007fc296000000 6285       3       javax.swing.plaf.basic.BasicToolBarUI$Handler::propertyChange (201 bytes)
Event: 13644,107 Thread 0x00007fc296000000 nmethod 6285 0x0000000110d6d3d0 code [0x0000000110d6d6c0, 0x0000000110d6f048]
Event: 13644,109 Thread 0x00007fc296000000 6286       3       javax.swing.plaf.basic.BasicToolBarUI::access$200 (4 bytes)
Event: 13644,109 Thread 0x00007fc296000000 nmethod 6286 0x0000000110d5e2d0 code [0x0000000110d5e420, 0x0000000110d5e570]

GC Heap History (10 events):
Event: 7757,206 GC heap before
{Heap before GC invocations=44 (full 1):
 PSYoungGen      total 52736K, used 45802K [0x000000076ab00000, 0x000000076ef80000, 0x00000007c0000000)
  eden space 36352K, 100% used [0x000000076ab00000,0x000000076ce80000,0x000000076ce80000)
  from space 16384K, 57% used [0x000000076df00000,0x000000076e83a970,0x000000076ef00000)
  to   space 16896K, 0% used [0x000000076ce80000,0x000000076ce80000,0x000000076df00000)
 ParOldGen       total 113664K, used 71198K [0x00000006c0000000, 0x00000006c6f00000, 0x000000076ab00000)
  object space 113664K, 62% used [0x00000006c0000000,0x00000006c4587870,0x00000006c6f00000)
 Metaspace       used 19302K, capacity 19616K, committed 19712K, reserved 1067008K
  class space    used 2429K, capacity 2503K, committed 2560K, reserved 1048576K
Event: 7757,210 GC heap after
Heap after GC invocations=44 (full 1):
 PSYoungGen      total 43520K, used 7366K [0x000000076ab00000, 0x000000076ee00000, 0x00000007c0000000)
  eden space 35840K, 0% used [0x000000076ab00000,0x000000076ab00000,0x000000076ce00000)
  from space 7680K, 95% used [0x000000076ce80000,0x000000076d5b1b00,0x000000076d600000)
  to   space 16384K, 0% used [0x000000076de00000,0x000000076de00000,0x000000076ee00000)
 ParOldGen       total 113664K, used 73662K [0x00000006c0000000, 0x00000006c6f00000, 0x000000076ab00000)
  object space 113664K, 64% used [0x00000006c0000000,0x00000006c47ef978,0x00000006c6f00000)
 Metaspace       used 19302K, capacity 19616K, committed 19712K, reserved 1067008K
  class space    used 2429K, capacity 2503K, committed 2560K, reserved 1048576K
}
Event: 8036,027 GC heap before
{Heap before GC invocations=45 (full 1):
 PSYoungGen      total 43520K, used 43206K [0x000000076ab00000, 0x000000076ee00000, 0x00000007c0000000)
  eden space 35840K, 100% used [0x000000076ab00000,0x000000076ce00000,0x000000076ce00000)
  from space 7680K, 95% used [0x000000076ce80000,0x000000076d5b1b00,0x000000076d600000)
  to   space 16384K, 0% used [0x000000076de00000,0x000000076de00000,0x000000076ee00000)
 ParOldGen       total 113664K, used 73662K [0x00000006c0000000, 0x00000006c6f00000, 0x000000076ab00000)
  object space 113664K, 64% used [0x00000006c0000000,0x00000006c47ef978,0x00000006c6f00000)
 Metaspace       used 19330K, capacity 19680K, committed 19968K, reserved 1067008K
  class space    used 2429K, capacity 2503K, committed 2560K, reserved 1048576K
Event: 8036,032 GC heap after
Heap after GC invocations=45 (full 1):
 PSYoungGen      total 51200K, used 9053K [0x000000076ab00000, 0x000000076ed80000, 0x00000007c0000000)
  eden space 35328K, 0% used [0x000000076ab00000,0x000000076ab00000,0x000000076cd80000)
  from space 15872K, 57% used [0x000000076de00000,0x000000076e6d75b0,0x000000076ed80000)
  to   space 16384K, 0% used [0x000000076cd80000,0x000000076cd80000,0x000000076dd80000)
 ParOldGen       total 113664K, used 74144K [0x00000006c0000000, 0x00000006c6f00000, 0x000000076ab00000)
  object space 113664K, 65% used [0x00000006c0000000,0x00000006c48683c0,0x00000006c6f00000)
 Metaspace       used 19330K, capacity 19680K, committed 19968K, reserved 1067008K
  class space    used 2429K, capacity 2503K, committed 2560K, reserved 1048576K
}
Event: 8350,012 GC heap before
{Heap before GC invocations=46 (full 1):
 PSYoungGen      total 51200K, used 44381K [0x000000076ab00000, 0x000000076ed80000, 0x00000007c0000000)
  eden space 35328K, 100% used [0x000000076ab00000,0x000000076cd80000,0x000000076cd80000)
  from space 15872K, 57% used [0x000000076de00000,0x000000076e6d75b0,0x000000076ed80000)
  to   space 16384K, 0% used [0x000000076cd80000,0x000000076cd80000,0x000000076dd80000)
 ParOldGen       total 113664K, used 74144K [0x00000006c0000000, 0x00000006c6f00000, 0x000000076ab00000)
  object space 113664K, 65% used [0x00000006c0000000,0x00000006c48683c0,0x00000006c6f00000)
 Metaspace       used 19369K, capacity 19680K, committed 19968K, reserved 1067008K
  class space    used 2429K, capacity 2503K, committed 2560K, reserved 1048576K
Event: 8350,014 GC heap after
Heap after GC invocations=46 (full 1):
 PSYoungGen      total 39936K, used 4854K [0x000000076ab00000, 0x000000076eb00000, 0x00000007c0000000)
  eden space 34816K, 0% used [0x000000076ab00000,0x000000076ab00000,0x000000076cd00000)
  from space 5120K, 94% used [0x000000076cd80000,0x000000076d23d810,0x000000076d280000)
  to   space 15360K, 0% used [0x000000076dc00000,0x000000076dc00000,0x000000076eb00000)
 ParOldGen       total 113664K, used 77740K [0x00000006c0000000, 0x00000006c6f00000, 0x000000076ab00000)
  object space 113664K, 68% used [0x00000006c0000000,0x00000006c4beb130,0x00000006c6f00000)
 Metaspace       used 19369K, capacity 19680K, committed 19968K, reserved 1067008K
  class space    used 2429K, capacity 2503K, committed 2560K, reserved 1048576K
}
Event: 8992,454 GC heap before
{Heap before GC invocations=47 (full 1):
 PSYoungGen      total 39936K, used 39670K [0x000000076ab00000, 0x000000076eb00000, 0x00000007c0000000)
  eden space 34816K, 100% used [0x000000076ab00000,0x000000076cd00000,0x000000076cd00000)
  from space 5120K, 94% used [0x000000076cd80000,0x000000076d23d810,0x000000076d280000)
  to   space 15360K, 0% used [0x000000076dc00000,0x000000076dc00000,0x000000076eb00000)
 ParOldGen       total 113664K, used 77740K [0x00000006c0000000, 0x00000006c6f00000, 0x000000076ab00000)
  object space 113664K, 68% used [0x00000006c0000000,0x00000006c4beb130,0x00000006c6f00000)
 Metaspace       used 19397K, capacity 19762K, committed 19968K, reserved 1067008K
  class space    used 2431K, capacity 2506K, committed 2560K, reserved 1048576K
Event: 8992,457 GC heap after
Heap after GC invocations=47 (full 1):
 PSYoungGen      total 49152K, used 8205K [0x000000076ab00000, 0x000000076ea80000, 0x00000007c0000000)
  eden space 34304K, 0% used [0x000000076ab00000,0x000000076ab00000,0x000000076cc80000)
  from space 14848K, 55% used [0x000000076dc00000,0x000000076e403670,0x000000076ea80000)
  to   space 15360K, 0% used [0x000000076cc80000,0x000000076cc80000,0x000000076db80000)
 ParOldGen       total 113664K, used 78724K [0x00000006c0000000, 0x00000006c6f00000, 0x000000076ab00000)
  object space 113664K, 69% used [0x00000006c0000000,0x00000006c4ce1310,0x00000006c6f00000)
 Metaspace       used 19397K, capacity 19762K, committed 19968K, reserved 1067008K
  class space    used 2431K, capacity 2506K, committed 2560K, reserved 1048576K
}
Event: 13644,119 GC heap before
{Heap before GC invocations=48 (full 1):
 PSYoungGen      total 49152K, used 42509K [0x000000076ab00000, 0x000000076ea80000, 0x00000007c0000000)
  eden space 34304K, 100% used [0x000000076ab00000,0x000000076cc80000,0x000000076cc80000)
  from space 14848K, 55% used [0x000000076dc00000,0x000000076e403670,0x000000076ea80000)
  to   space 15360K, 0% used [0x000000076cc80000,0x000000076cc80000,0x000000076db80000)
 ParOldGen       total 113664K, used 78724K [0x00000006c0000000, 0x00000006c6f00000, 0x000000076ab00000)
  object space 113664K, 69% used [0x00000006c0000000,0x00000006c4ce1310,0x00000006c6f00000)
 Metaspace       used 19416K, capacity 19762K, committed 19968K, reserved 1067008K
  class space    used 2431K, capacity 2506K, committed 2560K, reserved 1048576K
Event: 13644,124 GC heap after
Heap after GC invocations=48 (full 1):
 PSYoungGen      total 49152K, used 14446K [0x000000076ab00000, 0x000000076ee00000, 0x00000007c0000000)
  eden space 33792K, 0% used [0x000000076ab00000,0x000000076ab00000,0x000000076cc00000)
  from space 15360K, 94% used [0x000000076cc80000,0x000000076da9ba88,0x000000076db80000)
  to   space 17408K, 0% used [0x000000076dd00000,0x000000076dd00000,0x000000076ee00000)
 ParOldGen       total 113664K, used 95330K [0x00000006c0000000, 0x00000006c6f00000, 0x000000076ab00000)
  object space 113664K, 83% used [0x00000006c0000000,0x00000006c5d18b10,0x00000006c6f00000)
 Metaspace       used 19416K, capacity 19762K, committed 19968K, reserved 1067008K
  class space    used 2431K, capacity 2506K, committed 2560K, reserved 1048576K
}

Deoptimization events (10 events):
Event: 7077,933 Thread 0x00007fc297027000 Uncommon trap: reason=null_check action=make_not_entrant pc=0x00000001108a4e98 method=javax.swing.text.StyleContext$SmallAttributeSet.equals(Ljava/lang/Object;)Z @ 1
Event: 7077,938 Thread 0x00007fc294953000 Uncommon trap: reason=unreached action=reinterpret pc=0x000000011027ba58 method=sun.java2d.Disposer.clearDeferredRecords()V @ 3
Event: 7369,067 Thread 0x00007fc29408c800 Uncommon trap: reason=class_check action=maybe_recompile pc=0x000000011075c5a8 method=java.awt.LightweightDispatcher.eventDispatched(Ljava/awt/AWTEvent;)V @ 70
Event: 7369,068 Thread 0x00007fc29408c800 Uncommon trap: reason=class_check action=maybe_recompile pc=0x000000011075c5a8 method=java.awt.LightweightDispatcher.eventDispatched(Ljava/awt/AWTEvent;)V @ 70
Event: 7414,727 Thread 0x00007fc29408c800 Uncommon trap: reason=class_check action=maybe_recompile pc=0x000000011075c5a8 method=java.awt.LightweightDispatcher.eventDispatched(Ljava/awt/AWTEvent;)V @ 70
Event: 7417,061 Thread 0x00007fc29408c800 Uncommon trap: reason=class_check action=maybe_recompile pc=0x0000000110af330c method=com.apple.laf.AquaFocusHandler.propertyChange(Ljava/beans/PropertyChangeEvent;)V @ 45
Event: 7466,570 Thread 0x00007fc29408c800 Uncommon trap: reason=class_check action=maybe_recompile pc=0x0000000110af330c method=com.apple.laf.AquaFocusHandler.propertyChange(Ljava/beans/PropertyChangeEvent;)V @ 45
Event: 7481,540 Thread 0x00007fc29408c800 Uncommon trap: reason=class_check action=maybe_recompile pc=0x0000000110af330c method=com.apple.laf.AquaFocusHandler.propertyChange(Ljava/beans/PropertyChangeEvent;)V @ 45
Event: 7501,678 Thread 0x00007fc29408c800 Uncommon trap: reason=class_check action=maybe_recompile pc=0x0000000110af330c method=com.apple.laf.AquaFocusHandler.propertyChange(Ljava/beans/PropertyChangeEvent;)V @ 45
Event: 8475,086 Thread 0x00007fc2938b8000 Uncommon trap: reason=unreached action=reinterpret pc=0x0000000110cf3ac0 method=sun.lwawt.LWWindowPeer.notifyMouseEvent(IJIIIIIIIZ[B)V @ 382

Internal exceptions (10 events):
Event: 8341,941 Thread 0x00007fc29408c800 Exception <a 'java/io/FileNotFoundException'> (0x000000076c41bd88) thrown at [/HUDSON3/workspace/8-2-build-macosx-x86_64/jdk8u25/1514/hotspot/src/share/vm/prims/jni.cpp, line 716]
Event: 8341,992 Thread 0x00007fc29408c800 Exception <a 'java/io/FileNotFoundException'> (0x000000076c41c490) thrown at [/HUDSON3/workspace/8-2-build-macosx-x86_64/jdk8u25/1514/hotspot/src/share/vm/prims/jni.cpp, line 716]
Event: 8345,545 Thread 0x00007fc29408c800 Exception <a 'java/io/FileNotFoundException'> (0x000000076c9a2688) thrown at [/HUDSON3/workspace/8-2-build-macosx-x86_64/jdk8u25/1514/hotspot/src/share/vm/prims/jni.cpp, line 716]
Event: 8345,596 Thread 0x00007fc29408c800 Exception <a 'java/io/FileNotFoundException'> (0x000000076c9a2d90) thrown at [/HUDSON3/workspace/8-2-build-macosx-x86_64/jdk8u25/1514/hotspot/src/share/vm/prims/jni.cpp, line 716]
Event: 8476,638 Thread 0x00007fc29408c800 Exception <a 'java/io/FileNotFoundException'> (0x000000076b355e78) thrown at [/HUDSON3/workspace/8-2-build-macosx-x86_64/jdk8u25/1514/hotspot/src/share/vm/prims/jni.cpp, line 716]
Event: 8476,689 Thread 0x00007fc29408c800 Exception <a 'java/io/FileNotFoundException'> (0x000000076b356580) thrown at [/HUDSON3/workspace/8-2-build-macosx-x86_64/jdk8u25/1514/hotspot/src/share/vm/prims/jni.cpp, line 716]
Event: 8544,754 Thread 0x00007fc29408c800 Exception <a 'java/io/FileNotFoundException'> (0x000000076c219390) thrown at [/HUDSON3/workspace/8-2-build-macosx-x86_64/jdk8u25/1514/hotspot/src/share/vm/prims/jni.cpp, line 716]
Event: 8544,805 Thread 0x00007fc29408c800 Exception <a 'java/io/FileNotFoundException'> (0x000000076c219a98) thrown at [/HUDSON3/workspace/8-2-build-macosx-x86_64/jdk8u25/1514/hotspot/src/share/vm/prims/jni.cpp, line 716]
Event: 8993,502 Thread 0x00007fc29408c800 Exception <a 'java/io/FileNotFoundException'> (0x000000076aca1050) thrown at [/HUDSON3/workspace/8-2-build-macosx-x86_64/jdk8u25/1514/hotspot/src/share/vm/prims/jni.cpp, line 716]
Event: 8993,554 Thread 0x00007fc29408c800 Exception <a 'java/io/FileNotFoundException'> (0x000000076aca1758) thrown at [/HUDSON3/workspace/8-2-build-macosx-x86_64/jdk8u25/1514/hotspot/src/share/vm/prims/jni.cpp, line 716]

Events (10 events):
Event: 13644,124 Executing VM operation: RevokeBias
Event: 13644,124 Executing VM operation: RevokeBias done
Event: 13644,124 Executing VM operation: RevokeBias
Event: 13644,124 Executing VM operation: RevokeBias done
Event: 13644,124 Executing VM operation: RevokeBias
Event: 13644,124 Executing VM operation: RevokeBias done
Event: 13644,125 Executing VM operation: RevokeBias
Event: 13644,125 Executing VM operation: RevokeBias done
Event: 13644,125 Executing VM operation: RevokeBias
Event: 13644,125 Executing VM operation: RevokeBias done


Dynamic libraries:
0x000000000c165000 	/System/Library/Frameworks/Cocoa.framework/Versions/A/Cocoa
0x000000000c165000 	/System/Library/Frameworks/Security.framework/Versions/A/Security
0x000000000c165000 	/System/Library/Frameworks/ApplicationServices.framework/Versions/A/ApplicationServices
0x000000000c165000 	/usr/lib/libz.1.dylib
0x000000000c165000 	/usr/lib/libSystem.B.dylib
0x000000000c165000 	/usr/lib/libobjc.A.dylib
0x000000000c165000 	/System/Library/Frameworks/CoreFoundation.framework/Versions/A/CoreFoundation
0x000000000c165000 	/System/Library/Frameworks/Foundation.framework/Versions/C/Foundation
0x000000000c165000 	/System/Library/Frameworks/AppKit.framework/Versions/C/AppKit
0x000000000c165000 	/System/Library/Frameworks/CoreData.framework/Versions/A/CoreData
0x000000000c165000 	/System/Library/PrivateFrameworks/RemoteViewServices.framework/Versions/A/RemoteViewServices
0x000000000c165000 	/System/Library/Frameworks/AudioToolbox.framework/Versions/A/AudioToolbox
0x000000000c165000 	/System/Library/Frameworks/AudioUnit.framework/Versions/A/AudioUnit
0x000000000c165000 	/System/Library/PrivateFrameworks/DataDetectorsCore.framework/Versions/A/DataDetectorsCore
0x000000000c165000 	/System/Library/PrivateFrameworks/DesktopServicesPriv.framework/Versions/A/DesktopServicesPriv
0x000000000c165000 	/System/Library/Frameworks/Carbon.framework/Versions/A/Frameworks/HIToolbox.framework/Versions/A/HIToolbox
0x000000000c165000 	/System/Library/Frameworks/QuartzCore.framework/Versions/A/QuartzCore
0x000000000c165000 	/System/Library/Frameworks/Carbon.framework/Versions/A/Frameworks/SpeechRecognition.framework/Versions/A/SpeechRecognition
0x000000000c165000 	/usr/lib/libauto.dylib
0x000000000c165000 	/usr/lib/libicucore.A.dylib
0x000000000c165000 	/usr/lib/libxml2.2.dylib
0x000000000c165000 	/System/Library/PrivateFrameworks/CoreUI.framework/Versions/A/CoreUI
0x000000000c165000 	/System/Library/Frameworks/CoreAudio.framework/Versions/A/CoreAudio
0x000000000c165000 	/System/Library/Frameworks/DiskArbitration.framework/Versions/A/DiskArbitration
0x000000000c165000 	/usr/lib/liblangid.dylib
0x000000000c165000 	/System/Library/PrivateFrameworks/MultitouchSupport.framework/Versions/A/MultitouchSupport
0x000000000c165000 	/System/Library/Frameworks/IOKit.framework/Versions/A/IOKit
0x000000000c165000 	/usr/lib/libDiagnosticMessagesClient.dylib
0x000000000c165000 	/System/Library/Frameworks/CoreServices.framework/Versions/A/CoreServices
0x000000000c165000 	/System/Library/PrivateFrameworks/PerformanceAnalysis.framework/Versions/A/PerformanceAnalysis
0x000000000c165000 	/System/Library/PrivateFrameworks/GenerationalStorage.framework/Versions/A/GenerationalStorage
0x000000000c165000 	/System/Library/Frameworks/OpenGL.framework/Versions/A/OpenGL
0x000000000c165000 	/System/Library/PrivateFrameworks/Sharing.framework/Versions/A/Sharing
0x000000000c165000 	/System/Library/Frameworks/ImageIO.framework/Versions/A/ImageIO
0x000000000c165000 	/System/Library/Frameworks/CoreText.framework/Versions/A/CoreText
0x000000000c165000 	/System/Library/Frameworks/CoreGraphics.framework/Versions/A/CoreGraphics
0x000000000c165000 	/System/Library/PrivateFrameworks/Backup.framework/Versions/A/Backup
0x000000000c165000 	/System/Library/Frameworks/CFNetwork.framework/Versions/A/CFNetwork
0x000000000c165000 	/System/Library/Frameworks/SystemConfiguration.framework/Versions/A/SystemConfiguration
0x000000000c165000 	/usr/lib/libCRFSuite.dylib
0x000000000c165000 	/usr/lib/libc++.1.dylib
0x000000000c165000 	/usr/lib/libc++abi.dylib
0x000000000c165000 	/usr/lib/system/libcache.dylib
0x000000000c165000 	/usr/lib/system/libcommonCrypto.dylib
0x000000000c165000 	/usr/lib/system/libcompiler_rt.dylib
0x000000000c165000 	/usr/lib/system/libcopyfile.dylib
0x000000000c165000 	/usr/lib/system/libcorecrypto.dylib
0x000000000c165000 	/usr/lib/system/libdispatch.dylib
0x000000000c165000 	/usr/lib/system/libdyld.dylib
0x000000000c165000 	/usr/lib/system/libkeymgr.dylib
0x000000000c165000 	/usr/lib/system/liblaunch.dylib
0x000000000c165000 	/usr/lib/system/libmacho.dylib
0x000000000c165000 	/usr/lib/system/libquarantine.dylib
0x000000000c165000 	/usr/lib/system/libremovefile.dylib
0x000000000c165000 	/usr/lib/system/libsystem_asl.dylib
0x000000000c165000 	/usr/lib/system/libsystem_blocks.dylib
0x000000000c165000 	/usr/lib/system/libsystem_c.dylib
0x000000000c165000 	/usr/lib/system/libsystem_configuration.dylib
0x000000000c165000 	/usr/lib/system/libsystem_dnssd.dylib
0x000000000c165000 	/usr/lib/system/libsystem_info.dylib
0x000000000c165000 	/usr/lib/system/libsystem_kernel.dylib
0x000000000c165000 	/usr/lib/system/libsystem_m.dylib
0x000000000c165000 	/usr/lib/system/libsystem_malloc.dylib
0x000000000c165000 	/usr/lib/system/libsystem_network.dylib
0x000000000c165000 	/usr/lib/system/libsystem_notify.dylib
0x000000000c165000 	/usr/lib/system/libsystem_platform.dylib
0x000000000c165000 	/usr/lib/system/libsystem_pthread.dylib
0x000000000c165000 	/usr/lib/system/libsystem_sandbox.dylib
0x000000000c165000 	/usr/lib/system/libsystem_stats.dylib
0x000000000c165000 	/usr/lib/system/libunc.dylib
0x000000000c165000 	/usr/lib/system/libunwind.dylib
0x000000000c165000 	/usr/lib/system/libxpc.dylib
0x000000000c165000 	/usr/lib/libbsm.0.dylib
0x000000000c165000 	/usr/lib/libsqlite3.dylib
0x000000000c165000 	/usr/lib/libxar.1.dylib
0x000000000c165000 	/usr/lib/libpam.2.dylib
0x000000000c165000 	/usr/lib/libOpenScriptingUtil.dylib
0x000000000c165000 	/usr/lib/libbz2.1.0.dylib
0x000000000c165000 	/System/Library/Frameworks/CoreServices.framework/Versions/A/Frameworks/CarbonCore.framework/Versions/A/CarbonCore
0x000000000c165000 	/System/Library/Frameworks/CoreServices.framework/Versions/A/Frameworks/Metadata.framework/Versions/A/Metadata
0x000000000c165000 	/System/Library/Frameworks/CoreServices.framework/Versions/A/Frameworks/OSServices.framework/Versions/A/OSServices
0x000000000c165000 	/System/Library/Frameworks/CoreServices.framework/Versions/A/Frameworks/SearchKit.framework/Versions/A/SearchKit
0x000000000c165000 	/System/Library/Frameworks/CoreServices.framework/Versions/A/Frameworks/AE.framework/Versions/A/AE
0x000000000c165000 	/System/Library/Frameworks/CoreServices.framework/Versions/A/Frameworks/LaunchServices.framework/Versions/A/LaunchServices
0x000000000c165000 	/System/Library/Frameworks/CoreServices.framework/Versions/A/Frameworks/DictionaryServices.framework/Versions/A/DictionaryServices
0x000000000c165000 	/System/Library/Frameworks/NetFS.framework/Versions/A/NetFS
0x000000000c165000 	/usr/lib/system/libkxld.dylib
0x000000000c165000 	/System/Library/PrivateFrameworks/NetAuth.framework/Versions/A/NetAuth
0x000000000c165000 	/System/Library/PrivateFrameworks/TCC.framework/Versions/A/TCC
0x000000000c165000 	/System/Library/Frameworks/OpenDirectory.framework/Versions/A/Frameworks/CFOpenDirectory.framework/Versions/A/CFOpenDirectory
0x000000000c165000 	/System/Library/Frameworks/ServiceManagement.framework/Versions/A/ServiceManagement
0x000000000c165000 	/usr/lib/libxslt.1.dylib
0x000000000c165000 	/System/Library/Frameworks/Carbon.framework/Versions/A/Frameworks/Ink.framework/Versions/A/Ink
0x000000000c165000 	/System/Library/Frameworks/ApplicationServices.framework/Versions/A/Frameworks/ATS.framework/Versions/A/ATS
0x000000000c165000 	/System/Library/Frameworks/ApplicationServices.framework/Versions/A/Frameworks/ColorSync.framework/Versions/A/ColorSync
0x000000000c165000 	/System/Library/Frameworks/ApplicationServices.framework/Versions/A/Frameworks/HIServices.framework/Versions/A/HIServices
0x000000000c165000 	/System/Library/Frameworks/ApplicationServices.framework/Versions/A/Frameworks/LangAnalysis.framework/Versions/A/LangAnalysis
0x000000000c165000 	/System/Library/Frameworks/ApplicationServices.framework/Versions/A/Frameworks/PrintCore.framework/Versions/A/PrintCore
0x000000000c165000 	/System/Library/Frameworks/ApplicationServices.framework/Versions/A/Frameworks/QD.framework/Versions/A/QD
0x000000000c165000 	/System/Library/Frameworks/ApplicationServices.framework/Versions/A/Frameworks/SpeechSynthesis.framework/Versions/A/SpeechSynthesis
0x000000000c165000 	/System/Library/Frameworks/IOSurface.framework/Versions/A/IOSurface
0x000000000c165000 	/System/Library/Frameworks/Accelerate.framework/Versions/A/Accelerate
0x000000000c165000 	/System/Library/Frameworks/Accelerate.framework/Versions/A/Frameworks/vImage.framework/Versions/A/vImage
0x000000000c165000 	/System/Library/Frameworks/Accelerate.framework/Versions/A/Frameworks/vecLib.framework/Versions/A/vecLib
0x000000000c165000 	/System/Library/Frameworks/Accelerate.framework/Versions/A/Frameworks/vecLib.framework/Versions/A/libvDSP.dylib
0x000000000c165000 	/System/Library/Frameworks/Accelerate.framework/Versions/A/Frameworks/vecLib.framework/Versions/A/libvMisc.dylib
0x000000000c165000 	/System/Library/Frameworks/Accelerate.framework/Versions/A/Frameworks/vecLib.framework/Versions/A/libLAPACK.dylib
0x000000000c165000 	/System/Library/Frameworks/Accelerate.framework/Versions/A/Frameworks/vecLib.framework/Versions/A/libBLAS.dylib
0x000000000c165000 	/System/Library/Frameworks/ApplicationServices.framework/Versions/A/Frameworks/ATS.framework/Versions/A/Resources/libFontParser.dylib
0x000000000c165000 	/System/Library/Frameworks/ApplicationServices.framework/Versions/A/Frameworks/ATS.framework/Versions/A/Resources/libFontRegistry.dylib
0x000000000c165000 	/System/Library/Frameworks/ImageIO.framework/Versions/A/Resources/libJPEG.dylib
0x000000000c165000 	/System/Library/Frameworks/ImageIO.framework/Versions/A/Resources/libTIFF.dylib
0x000000000c165000 	/System/Library/Frameworks/ImageIO.framework/Versions/A/Resources/libPng.dylib
0x000000000c165000 	/System/Library/Frameworks/ImageIO.framework/Versions/A/Resources/libGIF.dylib
0x000000000c165000 	/System/Library/Frameworks/ImageIO.framework/Versions/A/Resources/libJP2.dylib
0x000000000c165000 	/System/Library/Frameworks/ImageIO.framework/Versions/A/Resources/libRadiance.dylib
0x000000000c165000 	/usr/lib/libcups.2.dylib
0x000000000c165000 	/System/Library/Frameworks/Kerberos.framework/Versions/A/Kerberos
0x000000000c165000 	/System/Library/Frameworks/GSS.framework/Versions/A/GSS
0x000000000c165000 	/usr/lib/libresolv.9.dylib
0x000000000c165000 	/usr/lib/libiconv.2.dylib
0x000000000c165000 	/System/Library/PrivateFrameworks/Heimdal.framework/Versions/A/Heimdal
0x000000000c165000 	/System/Library/PrivateFrameworks/TrustEvaluationAgent.framework/Versions/A/TrustEvaluationAgent
0x000000000c165000 	/usr/lib/libheimdal-asn1.dylib
0x000000000c165000 	/System/Library/Frameworks/OpenDirectory.framework/Versions/A/OpenDirectory
0x000000000c165000 	/System/Library/PrivateFrameworks/CommonAuth.framework/Versions/A/CommonAuth
0x000000000c165000 	/System/Library/Frameworks/SecurityFoundation.framework/Versions/A/SecurityFoundation
0x000000000c165000 	/System/Library/PrivateFrameworks/Bom.framework/Versions/A/Bom
0x000000000c165000 	/System/Library/Frameworks/CoreVideo.framework/Versions/A/CoreVideo
0x000000000c165000 	/System/Library/Frameworks/QuartzCore.framework/Versions/A/Frameworks/CoreImage.framework/Versions/A/CoreImage
0x000000000c165000 	/System/Library/Frameworks/QuartzCore.framework/Versions/A/Frameworks/ScalableUserInterface.framework/Versions/A/ScalableUserInterface
0x000000000c165000 	/System/Library/Frameworks/OpenGL.framework/Versions/A/Libraries/libGLU.dylib
0x000000000c165000 	/System/Library/Frameworks/OpenGL.framework/Versions/A/Libraries/libGFXShared.dylib
0x000000000c165000 	/System/Library/Frameworks/OpenGL.framework/Versions/A/Libraries/libGL.dylib
0x000000000c165000 	/System/Library/Frameworks/OpenGL.framework/Versions/A/Libraries/libGLImage.dylib
0x000000000c165000 	/System/Library/Frameworks/OpenGL.framework/Versions/A/Libraries/libCVMSPluginSupport.dylib
0x000000000c165000 	/System/Library/Frameworks/OpenGL.framework/Versions/A/Libraries/libCoreVMClient.dylib
0x000000000c165000 	/System/Library/PrivateFrameworks/FaceCore.framework/Versions/A/FaceCore
0x000000000c165000 	/System/Library/PrivateFrameworks/CrashReporterSupport.framework/Versions/A/CrashReporterSupport
0x000000000c165000 	/System/Library/Frameworks/OpenCL.framework/Versions/A/OpenCL
0x000000000c165000 	/System/Library/PrivateFrameworks/AppleFSCompression.framework/Versions/A/AppleFSCompression
0x000000000c165000 	/System/Library/PrivateFrameworks/Ubiquity.framework/Versions/A/Ubiquity
0x000000000c165000 	/System/Library/PrivateFrameworks/IconServices.framework/Versions/A/IconServices
0x000000000c165000 	/System/Library/PrivateFrameworks/ChunkingLibrary.framework/Versions/A/ChunkingLibrary
0x000000000c165000 	/System/Library/PrivateFrameworks/CoreSymbolication.framework/Versions/A/CoreSymbolication
0x000000000c165000 	/System/Library/PrivateFrameworks/Symbolication.framework/Versions/A/Symbolication
0x000000000c165000 	/System/Library/PrivateFrameworks/DebugSymbols.framework/Versions/A/DebugSymbols
0x000000010ec00000 	/Library/Java/JavaVirtualMachines/jdk1.8.0_25.jdk/Contents/Home/jre/lib/server/libjvm.dylib
0x000000000c165000 	/usr/lib/libstdc++.6.dylib
0x000000010dba8000 	/Library/Java/JavaVirtualMachines/jdk1.8.0_25.jdk/Contents/Home/jre/lib/libverify.dylib
0x000000010dbb6000 	/Library/Java/JavaVirtualMachines/jdk1.8.0_25.jdk/Contents/Home/jre/lib/libjava.dylib
0x000000010dbf4000 	/Library/Java/JavaVirtualMachines/jdk1.8.0_25.jdk/Contents/Home/jre/lib/libzip.dylib
0x000000012b7f2000 	/System/Library/Frameworks/JavaVM.framework/Frameworks/JavaRuntimeSupport.framework/JavaRuntimeSupport
0x000000012b80a000 	/System/Library/Frameworks/JavaVM.framework/Versions/A/Frameworks/JavaNativeFoundation.framework/Versions/A/JavaNativeFoundation
0x000000012b81e000 	/System/Library/Frameworks/JavaVM.framework/Versions/A/JavaVM
0x000000000c165000 	/System/Library/Frameworks/Carbon.framework/Versions/A/Carbon
0x000000012b82a000 	/System/Library/PrivateFrameworks/JavaLaunching.framework/Versions/A/JavaLaunching
0x000000000c165000 	/System/Library/Frameworks/Carbon.framework/Versions/A/Frameworks/CommonPanels.framework/Versions/A/CommonPanels
0x000000000c165000 	/System/Library/Frameworks/Carbon.framework/Versions/A/Frameworks/Help.framework/Versions/A/Help
0x000000000c165000 	/System/Library/Frameworks/Carbon.framework/Versions/A/Frameworks/ImageCapture.framework/Versions/A/ImageCapture
0x000000000c165000 	/System/Library/Frameworks/Carbon.framework/Versions/A/Frameworks/OpenScripting.framework/Versions/A/OpenScripting
0x000000000c165000 	/System/Library/Frameworks/Carbon.framework/Versions/A/Frameworks/Print.framework/Versions/A/Print
0x000000000c165000 	/System/Library/Frameworks/Carbon.framework/Versions/A/Frameworks/SecurityHI.framework/Versions/A/SecurityHI
0x000000012c06b000 	/Library/Java/JavaVirtualMachines/jdk1.8.0_25.jdk/Contents/Home/jre/lib/libawt.dylib
0x000000012c11a000 	/Library/Java/JavaVirtualMachines/jdk1.8.0_25.jdk/Contents/Home/jre/lib/./libmlib_image.dylib
0x000000012c1e6000 	/Library/Java/JavaVirtualMachines/jdk1.8.0_25.jdk/Contents/Home/jre/lib/libawt_lwawt.dylib
0x000000012c299000 	/Library/Java/JavaVirtualMachines/jdk1.8.0_25.jdk/Contents/Home/jre/lib/./libosxapp.dylib
0x000000000c165000 	/System/Library/Frameworks/ExceptionHandling.framework/Versions/A/ExceptionHandling
0x000000000c165000 	/System/Library/PrivateFrameworks/CoreServicesInternal.framework/Versions/A/CoreServicesInternal
0x000000000c165000 	/System/Library/PrivateFrameworks/Librarian.framework/Versions/A/Librarian
0x000000000c165000 	/System/Library/Frameworks/CoreGraphics.framework/Versions/A/Resources/libCGCMS.A.dylib
0x000000000c165000 	/System/Library/Frameworks/CoreGraphics.framework/Versions/A/Resources/libRIP.A.dylib
0x000000000c165000 	/System/Library/Frameworks/CoreGraphics.framework/Versions/A/Resources/libCGXType.A.dylib
0x000000000c165000 	/System/Library/PrivateFrameworks/FamilyControls.framework/Versions/A/FamilyControls
0x000000000c165000 	/System/Library/PrivateFrameworks/CommerceKit.framework/Versions/A/Frameworks/CommerceCore.framework/Versions/A/CommerceCore
0x000000000c165000 	/System/Library/PrivateFrameworks/SystemAdministration.framework/Versions/A/SystemAdministration
0x000000000c165000 	/System/Library/Frameworks/DirectoryService.framework/Versions/A/DirectoryService
0x000000000c165000 	/System/Library/PrivateFrameworks/DiskImages.framework/Versions/A/DiskImages
0x000000000c165000 	/System/Library/PrivateFrameworks/LoginUIKit.framework/Versions/A/Frameworks/LoginUICore.framework/Versions/A/LoginUICore
0x000000000c165000 	/usr/lib/libCoreStorage.dylib
0x000000000c165000 	/usr/lib/libcsfde.dylib
0x000000000c165000 	/usr/lib/libodfde.dylib
0x000000000c165000 	/System/Library/Frameworks/DiscRecording.framework/Versions/A/DiscRecording
0x000000000c165000 	/usr/lib/libcurl.4.dylib
0x000000000c165000 	/System/Library/PrivateFrameworks/MediaKit.framework/Versions/A/MediaKit
0x000000000c165000 	/System/Library/PrivateFrameworks/EFILogin.framework/Versions/A/EFILogin
0x000000000c165000 	/usr/lib/libutil.dylib
0x000000000c165000 	/System/Library/PrivateFrameworks/AOSNotification.framework/Versions/A/AOSNotification
0x000000000c165000 	/System/Library/Frameworks/LDAP.framework/Versions/A/LDAP
0x000000000c165000 	/usr/lib/libsasl2.2.dylib
0x000000000c165000 	/usr/lib/libcrypto.0.9.8.dylib
0x000000000c165000 	/usr/lib/libssl.0.9.8.dylib
0x0000000130650000 	/Library/Java/JavaVirtualMachines/jdk1.8.0_25.jdk/Contents/Home/jre/lib/libfontmanager.dylib
0x000000012db1c000 	/Library/Java/JavaVirtualMachines/jdk1.8.0_25.jdk/Contents/Home/jre/lib/libosxui.dylib
0x000000000c165000 	/System/Library/Frameworks/OpenGL.framework/Versions/A/Resources/GLEngine.bundle/GLEngine
0x000000000c165000 	/System/Library/Frameworks/OpenGL.framework/Versions/A/Libraries/libGLProgrammability.dylib
0x0000000000000000 	/System/Library/Extensions/AppleIntelHD5000GraphicsGLDriver.bundle/Contents/MacOS/AppleIntelHD5000GraphicsGLDriver
0x000000000c165000 	/System/Library/PrivateFrameworks/IOAccelerator.framework/Versions/A/IOAccelerator
0x000000000c165000 	/System/Library/PrivateFrameworks/GPUSupport.framework/Versions/A/Libraries/libGPUSupportMercury.dylib
0x000000000c165000 	/System/Library/Frameworks/OpenGL.framework/Versions/A/Resources/GLRendererFloat.bundle/GLRendererFloat
0x000000000c165000 	/System/Library/Frameworks/OpenCL.framework/Versions/A/Libraries/libcldcpuengine.dylib
0x0000000131c87000 	/Library/Java/JavaVirtualMachines/jdk1.8.0_25.jdk/Contents/Home/jre/lib/libnet.dylib
0x0000000131a40000 	/Library/Java/JavaVirtualMachines/jdk1.8.0_25.jdk/Contents/Home/jre/lib/libnio.dylib
0x000000013391e000 	/Library/Java/JavaVirtualMachines/jdk1.8.0_25.jdk/Contents/Home/jre/lib/libdcpr.dylib

VM Arguments:
java_command: HardwareSimulatorMain
java_class_path (initial): :bin/classes:BuiltIn:bin/lib/Hack.jar:bin/lib/HackGUI.jar:bin/lib/Simulators.jar:bin/lib/SimulatorsGUI.jar:bin/lib/Compilers.jar
Launcher Type: SUN_STANDARD

Environment Variables:
PATH=/Users/c0681/.rvm/gems/ruby-1.9.3-p551/bin:/Users/c0681/.rvm/gems/ruby-1.9.3-p551@global/bin:/Users/c0681/.rvm/rubies/ruby-1.9.3-p551/bin:/opt/apache-ant-1.9.4/bin:/Library/Frameworks/Python.framework/Versions/3.4/bin:/usr/bin:/bin:/usr/sbin:/sbin:/usr/local/bin:/opt/X11/bin:/Users/c0681/.rvm/bin
SHELL=/bin/bash
DISPLAY=/tmp/launch-Z1qeP2/org.macosforge.xquartz:0

Signal Handlers:
SIGSEGV: [libjvm.dylib+0x579dc7], sa_mask[0]=11111111011111110111111111111111, sa_flags=SA_ONSTACK|SA_RESTART|SA_SIGINFO
SIGBUS: [libjvm.dylib+0x579dc7], sa_mask[0]=11111111011111110111111111111111, sa_flags=SA_RESTART|SA_SIGINFO
SIGFPE: [libjvm.dylib+0x45b030], sa_mask[0]=11111111011111110111111111111111, sa_flags=SA_RESTART|SA_SIGINFO
SIGPIPE: [libjvm.dylib+0x45b030], sa_mask[0]=11111111011111110111111111111111, sa_flags=SA_RESTART|SA_SIGINFO
SIGXFSZ: [libjvm.dylib+0x45b030], sa_mask[0]=11111111011111110111111111111111, sa_flags=SA_RESTART|SA_SIGINFO
SIGILL: [libjvm.dylib+0x45b030], sa_mask[0]=11111111011111110111111111111111, sa_flags=SA_RESTART|SA_SIGINFO
SIGUSR1: SIG_DFL, sa_mask[0]=11011111011111100000000111000110, sa_flags=none
SIGUSR2: [libjvm.dylib+0x45ab4e], sa_mask[0]=00000000000000000000000000000000, sa_flags=SA_RESTART|SA_SIGINFO
SIGHUP: [libjvm.dylib+0x459121], sa_mask[0]=11111111011111110111111111111111, sa_flags=SA_RESTART|SA_SIGINFO
SIGINT: SIG_IGN, sa_mask[0]=00000000000000000000000000000000, sa_flags=none
SIGTERM: [libjvm.dylib+0x459121], sa_mask[0]=11111111011111110111111111111111, sa_flags=SA_RESTART|SA_SIGINFO
SIGQUIT: [libjvm.dylib+0x459121], sa_mask[0]=11111111011111110111111111111111, sa_flags=SA_RESTART|SA_SIGINFO


---------------  S Y S T E M  ---------------

OS:Bsduname:Darwin 13.4.0 Darwin Kernel Version 13.4.0: Wed Dec 17 19:05:52 PST 2014; root:xnu-2422.115.10~1/RELEASE_X86_64 x86_64
rlimit: STACK 8192k, CORE 0k, NPROC 709, NOFILE 10240, AS infinity
load average:1,46 1,48 1,60

CPU:total 8 (4 cores per cpu, 2 threads per core) family 6 model 70 stepping 1, cmov, cx8, fxsr, mmx, sse, sse2, sse3, ssse3, sse4.1, sse4.2, popcnt, avx, avx2, aes, clmul, erms, lzcnt, ht, tsc, tscinvbit, bmi1, bmi2

Memory: 4k page, physical 16777216k(2743256k free)

/proc/meminfo:


vm_info: Java HotSpot(TM) 64-Bit Server VM (25.25-b02) for bsd-amd64 JRE (1.8.0_25-b17), built on Sep 17 2014 16:56:50 by "java_re" with gcc 4.2.1 (Based on Apple Inc. build 5658) (LLVM build 2336.11.00)

time: Mon May  4 15:41:02 2015
elapsed time: 13644 seconds (0d 3h 47m 24s)

