#
# A fatal error has been detected by the Java Runtime Environment:
#
#  SIGSEGV (0xb) at pc=0x000000012270d4d6, pid=985, tid=49927
#
# JRE version: Java(TM) SE Runtime Environment (8.0_25-b17) (build 1.8.0_25-b17)
# Java VM: Java HotSpot(TM) 64-Bit Server VM (25.25-b02 mixed mode bsd-amd64 compressed oops)
# Problematic frame:
# C  [libawt_lwawt.dylib+0x1b4d6]  OGLSD_SetScratchSurface+0x3d
#
# Failed to write core dump. Core dumps have been disabled. To enable core dumping, try "ulimit -c unlimited" before starting Java again
#
# If you would like to submit a bug report, please visit:
#   http://bugreport.sun.com/bugreport/crash.jsp
# The crash happened outside the Java Virtual Machine in native code.
# See problematic frame for where to report the bug.
#

---------------  T H R E A D  ---------------

Current thread (0x00007fa7510e5800):  JavaThread "Java2D Queue Flusher" daemon [_thread_in_native, id=49927, stack(0x0000000126b84000,0x0000000126c84000)]

siginfo: si_signo: 11 (SIGSEGV), si_code: 1 (SEGV_MAPERR), si_addr: 0x0000000000000000

Registers:
RAX=0x00007fa7519e2038, RBX=0x00007fa7510e59e8, RCX=0x00007fa7519e2040, RDX=0x00000000a1a1a1a1
RSP=0x0000000126c83730, RBP=0x0000000126c83750, RSI=0x00007fa7519e2000, RDI=0x00007fa7519e2038
R8 =0x00000000000012b5, R9 =0x0000000126c83501, R10=0x0000000106795af8, R11=0x00000001066d44c0
R12=0x0000000000000000, R13=0x0000000126c838e8, R14=0x00007fa756b10002, R15=0x0000000000000000
RIP=0x000000012270d4d6, EFLAGS=0x0000000000010206, ERR=0x0000000000000004
  TRAPNO=0x000000000000000e

Top of Stack: (sp=0x0000000126c83730)
0x0000000126c83730:   00007fa750425950 0000000000000000
0x0000000126c83740:   00007fa7510f2410 00007fa7510e5800
0x0000000126c83750:   0000000126c837d0 000000012272d5ae
0x0000000126c83760:   00007fa750560100 0000000200000001
0x0000000126c83770:   0000000000000000 0000000100000000
0x0000000126c83780:   0000000000000000 0000000000000000
0x0000000126c83790:   0000000126c837d0 00007fa7510f2420
0x0000000126c837a0:   0000000000c83968 00007fa7510e59e8
0x0000000126c837b0:   00000001360bd030 0000000000000000
0x0000000126c837c0:   0000000126c83968 00007fa7510e5800
0x0000000126c837d0:   0000000126c83820 0000000106795b6a
0x0000000126c837e0:   000000076eb04ad0 0000000105704e98
0x0000000126c837f0:   0000000000000064 0000000000000000
0x0000000126c83800:   0000000000000064 00007fa7505675e8
0x0000000126c83810:   0000000126c83870 000000010552bf53
0x0000000126c83820:   0000000126c83940 00000001067947fc
0x0000000126c83830:   0000000000000001 00007fa750568090
0x0000000126c83840:   000000076eb04b00 00007fa7510e5800
0x0000000126c83850:   00007fa7510e5800 000000011f2aca08
0x0000000126c83860:   0000000126c83968 00007fa7510e5800
0x0000000126c83870:   0000000126c838c0 0000000106428a28
0x0000000126c83880:   000000076eb04ad0 00000001064d9426
0x0000000126c83890:   0000000126c83940 00000001066d451c
0x0000000126c838a0:   ffffffffffffffff 000000011f7d6a60
0x0000000126c838b0:   000000012891e210 0000000000000000
0x0000000126c838c0:   0000000126c83940 000000010613498d
0x0000000126c838d0:   0000000126c83940 000000010613498d
0x0000000126c838e0:   000000010613498d 000000076eb04ad0
0x0000000126c838f0:   0000000000000001 000000076eb04ba8
0x0000000126c83900:   0000000126c838f0 000000011f7da289
0x0000000126c83910:   0000000126c83968 000000011f7dab90
0x0000000126c83920:   0000000000000000 000000011f7da390 

Instructions: (pc=0x000000012270d4d6)
0x000000012270d4b6:   c0 be 01 00 00 00 e8 1b 9b 02 00 31 c0 eb 6d 48
0x000000012270d4c6:   89 fb 4c 8b 76 10 4d 8b 3e 30 c0 e8 f8 9f 02 00
0x000000012270d4d6:   49 8b 3f 49 89 c4 48 8b 35 3d f0 05 00 30 c0 e8
0x000000012270d4e6:   1c a1 02 00 48 85 c0 75 4c 30 c0 e8 aa 07 02 00 

Register to memory mapping:

RAX=0x00007fa7519e2038 is an unknown value
RBX=0x00007fa7510e59e8 is an unknown value
RCX=0x00007fa7519e2040 is an unknown value
RDX=0x00000000a1a1a1a1 is an unknown value
RSP=0x0000000126c83730 is pointing into the stack for thread: 0x00007fa7510e5800
RBP=0x0000000126c83750 is pointing into the stack for thread: 0x00007fa7510e5800
RSI=0x00007fa7519e2000 is an unknown value
RDI=0x00007fa7519e2038 is an unknown value
R8 =0x00000000000012b5 is an unknown value
R9 =0x0000000126c83501 is pointing into the stack for thread: 0x00007fa7510e5800
R10=0x0000000106795af8 is at entry_point+56 in (nmethod*)0x0000000106795950
R11=0x00000001066d44c0 is at entry_point+0 in (nmethod*)0x00000001066d4350
R12=0x0000000000000000 is an unknown value
R13=0x0000000126c838e8 is pointing into the stack for thread: 0x00007fa7510e5800
R14=0x00007fa756b10002 is an unknown value
R15=0x0000000000000000 is an unknown value


Stack: [0x0000000126b84000,0x0000000126c84000],  sp=0x0000000126c83730,  free space=1021k
Native frames: (J=compiled Java code, j=interpreted, Vv=VM code, C=native code)
C  [libawt_lwawt.dylib+0x1b4d6]  OGLSD_SetScratchSurface+0x3d
C  [libawt_lwawt.dylib+0x3b5ae]  Java_sun_java2d_opengl_OGLRenderQueue_flushBuffer+0x63a
J 2029  sun.java2d.opengl.OGLRenderQueue.flushBuffer(JI)V (0 bytes) @ 0x0000000106795b6a [0x0000000106795ac0+0xaa]
J 2025 C1 sun.java2d.opengl.OGLRenderQueue.flushBuffer()V (41 bytes) @ 0x00000001067947fc [0x00000001067945a0+0x25c]
J 1748 C1 sun.java2d.opengl.OGLRenderQueue.access$100(Lsun/java2d/opengl/OGLRenderQueue;)V (5 bytes) @ 0x00000001066d451c [0x00000001066d44c0+0x5c]
j  sun.java2d.opengl.OGLRenderQueue$QueueFlusher.run()V+81
v  ~StubRoutines::call_stub
V  [libjvm.dylib+0x2d4516]  JavaCalls::call_helper(JavaValue*, methodHandle*, JavaCallArguments*, Thread*)+0x6ae
V  [libjvm.dylib+0x2d4ca4]  JavaCalls::call_virtual(JavaValue*, KlassHandle, Symbol*, Symbol*, JavaCallArguments*, Thread*)+0x164
V  [libjvm.dylib+0x2d4e50]  JavaCalls::call_virtual(JavaValue*, Handle, KlassHandle, Symbol*, Symbol*, Thread*)+0x4a
V  [libjvm.dylib+0x32583f]  thread_entry(JavaThread*, Thread*)+0x7c
V  [libjvm.dylib+0x535ed9]  JavaThread::thread_main_inner()+0x9b
V  [libjvm.dylib+0x53761c]  JavaThread::run()+0x1c2
V  [libjvm.dylib+0x45d87e]  java_start(Thread*)+0xf6
C  [libsystem_pthread.dylib+0x1899]  _pthread_body+0x8a
C  [libsystem_pthread.dylib+0x172a]  _pthread_struct_init+0x0
C  [libsystem_pthread.dylib+0x5fc9]  thread_start+0xd
C  0x0000000000000000

Java frames: (J=compiled Java code, j=interpreted, Vv=VM code)
J 2029  sun.java2d.opengl.OGLRenderQueue.flushBuffer(JI)V (0 bytes) @ 0x0000000106795af8 [0x0000000106795ac0+0x38]
J 2025 C1 sun.java2d.opengl.OGLRenderQueue.flushBuffer()V (41 bytes) @ 0x00000001067947fc [0x00000001067945a0+0x25c]
J 1748 C1 sun.java2d.opengl.OGLRenderQueue.access$100(Lsun/java2d/opengl/OGLRenderQueue;)V (5 bytes) @ 0x00000001066d451c [0x00000001066d44c0+0x5c]
j  sun.java2d.opengl.OGLRenderQueue$QueueFlusher.run()V+81
v  ~StubRoutines::call_stub

---------------  P R O C E S S  ---------------

Java Threads: ( => current thread )
  0x00007fa751b25800 JavaThread "Image Fetcher 0" daemon [_thread_blocked, id=62423, stack(0x0000000136424000,0x0000000136524000)]
  0x00007fa75120c800 JavaThread "DestroyJavaVM" [_thread_blocked, id=3335, stack(0x00000001040b4000,0x00000001041b4000)]
  0x00007fa75123f800 JavaThread "SwingWorker-pool-1-thread-2" daemon [_thread_blocked, id=61187, stack(0x00000001362df000,0x00000001363df000)]
  0x00007fa751a76800 JavaThread "TimerQueue" daemon [_thread_blocked, id=60675, stack(0x00000001361dc000,0x00000001362dc000)]
  0x00007fa75124e800 JavaThread "SwingWorker-pool-1-thread-1" daemon [_thread_blocked, id=60179, stack(0x00000001360d9000,0x00000001361d9000)]
  0x00007fa751168800 JavaThread "AWT-EventQueue-0" [_thread_blocked, id=53507, stack(0x000000012872d000,0x000000012882d000)]
  0x00007fa751861800 JavaThread "Java2D Disposer" daemon [_thread_blocked, id=51251, stack(0x0000000127901000,0x0000000127a01000)]
=>0x00007fa7510e5800 JavaThread "Java2D Queue Flusher" daemon [_thread_in_native, id=49927, stack(0x0000000126b84000,0x0000000126c84000)]
  0x00007fa75087b800 JavaThread "AWT-Shutdown" [_thread_blocked, id=31243, stack(0x0000000123f05000,0x0000000124005000)]
  0x00007fa751090800 JavaThread "AppKit Thread" daemon [_thread_in_native, id=8967, stack(0x00007fff5b461000,0x00007fff5bc61000)]
  0x00007fa751034000 JavaThread "Service Thread" daemon [_thread_blocked, id=22275, stack(0x0000000122359000,0x0000000122459000)]
  0x00007fa753000000 JavaThread "C1 CompilerThread3" daemon [_thread_blocked, id=21763, stack(0x0000000122256000,0x0000000122356000)]
  0x00007fa751809800 JavaThread "C2 CompilerThread2" daemon [_thread_blocked, id=21251, stack(0x0000000122153000,0x0000000122253000)]
  0x00007fa75082b000 JavaThread "C2 CompilerThread1" daemon [_thread_blocked, id=20739, stack(0x0000000122050000,0x0000000122150000)]
  0x00007fa751035000 JavaThread "C2 CompilerThread0" daemon [_thread_blocked, id=20227, stack(0x0000000121f4d000,0x000000012204d000)]
  0x00007fa751033000 JavaThread "Signal Dispatcher" daemon [_thread_blocked, id=19715, stack(0x0000000121e4a000,0x0000000121f4a000)]
  0x00007fa752003000 JavaThread "Finalizer" daemon [_thread_blocked, id=14595, stack(0x0000000121bfe000,0x0000000121cfe000)]
  0x00007fa751031000 JavaThread "Reference Handler" daemon [_thread_blocked, id=14083, stack(0x0000000121afb000,0x0000000121bfb000)]

Other Threads:
  0x00007fa75102c800 VMThread [stack: 0x00000001219f8000,0x0000000121af8000] [id=13571]
  0x00007fa75107a800 WatcherThread [stack: 0x000000012245c000,0x000000012255c000] [id=22787]

VM state:not at safepoint (normal execution)

VM Mutex/Monitor currently owned by a thread: None

Heap:
 PSYoungGen      total 76288K, used 13051K [0x000000076ab00000, 0x0000000770000000, 0x00000007c0000000)
  eden space 65536K, 3% used [0x000000076ab00000,0x000000076ad431b0,0x000000076eb00000)
  from space 10752K, 99% used [0x000000076eb00000,0x000000076f57bad0,0x000000076f580000)
  to   space 10752K, 0% used [0x000000076f580000,0x000000076f580000,0x0000000770000000)
 ParOldGen       total 175104K, used 34643K [0x00000006c0000000, 0x00000006cab00000, 0x000000076ab00000)
  object space 175104K, 19% used [0x00000006c0000000,0x00000006c21d4c68,0x00000006cab00000)
 Metaspace       used 18041K, capacity 18408K, committed 18688K, reserved 1064960K
  class space    used 2375K, capacity 2463K, committed 2560K, reserved 1048576K

Card table byte_map: [0x00000001154ed000,0x0000000115cee000] byte_map_base: 0x0000000111eed000

Marking Bits: (ParMarkBitMap*) 0x0000000105a9d390
 Begin Bits: [0x0000000116a5c000, 0x000000011aa5c000)
 End Bits:   [0x000000011aa5c000, 0x000000011ea5c000)

Polling page: 0x00000001041f8000

CodeCache: size=245760Kb used=10753Kb max_used=10766Kb free=235006Kb
 bounds [0x000000010612d000, 0x0000000106bcd000, 0x000000011512d000]
 total_blobs=3788 nmethods=3227 adapters=473
 compilation: enabled

Compilation events (10 events):
Event: 2345,406 Thread 0x00007fa751809800 3788   !   4       java.awt.Container::decreaseComponentCount (124 bytes)
Event: 2345,407 Thread 0x00007fa753000000 3789       3       javax.swing.JTable$5::getLowerBoundAt (11 bytes)
Event: 2345,408 Thread 0x00007fa753000000 nmethod 3789 0x000000010668ef50 code [0x000000010668f120, 0x000000010668f858]
Event: 2345,408 Thread 0x00007fa753000000 3791   !   3       java.lang.ref.Finalizer::remove (94 bytes)
Event: 2345,409 Thread 0x00007fa753000000 nmethod 3791 0x000000010668e750 code [0x000000010668e8e0, 0x000000010668edf0]
Event: 2345,411 Thread 0x00007fa753000000 3790       3       javax.swing.JTable$5::getUpperBoundAt (11 bytes)
Event: 2345,411 Thread 0x00007fa753000000 nmethod 3790 0x0000000106a7bd90 code [0x0000000106a7bf00, 0x0000000106a7c128]
Event: 2345,411 Thread 0x00007fa751809800 nmethod 3788 0x000000010668cad0 code [0x000000010668cc40, 0x000000010668d098]
Event: 2345,412 Thread 0x00007fa753000000 3792  s    3       sun.lwawt.macosx.LWCToolkit::getSunAwtDisableCALayers (31 bytes)
Event: 2345,412 Thread 0x00007fa753000000 nmethod 3792 0x000000010668de10 code [0x000000010668dfa0, 0x000000010668e5a8]

GC Heap History (6 events):
Event: 21,709 GC heap before
{Heap before GC invocations=1 (full 0):
 PSYoungGen      total 76288K, used 65536K [0x000000076ab00000, 0x0000000770000000, 0x00000007c0000000)
  eden space 65536K, 100% used [0x000000076ab00000,0x000000076eb00000,0x000000076eb00000)
  from space 10752K, 0% used [0x000000076f580000,0x000000076f580000,0x0000000770000000)
  to   space 10752K, 0% used [0x000000076eb00000,0x000000076eb00000,0x000000076f580000)
 ParOldGen       total 175104K, used 0K [0x00000006c0000000, 0x00000006cab00000, 0x000000076ab00000)
  object space 175104K, 0% used [0x00000006c0000000,0x00000006c0000000,0x00000006cab00000)
 Metaspace       used 16779K, capacity 17076K, committed 17280K, reserved 1064960K
  class space    used 2301K, capacity 2365K, committed 2432K, reserved 1048576K
Event: 21,720 GC heap after
Heap after GC invocations=1 (full 0):
 PSYoungGen      total 76288K, used 10740K [0x000000076ab00000, 0x0000000770000000, 0x00000007c0000000)
  eden space 65536K, 0% used [0x000000076ab00000,0x000000076ab00000,0x000000076eb00000)
  from space 10752K, 99% used [0x000000076eb00000,0x000000076f57d3e8,0x000000076f580000)
  to   space 10752K, 0% used [0x000000076f580000,0x000000076f580000,0x0000000770000000)
 ParOldGen       total 175104K, used 1809K [0x00000006c0000000, 0x00000006cab00000, 0x000000076ab00000)
  object space 175104K, 1% used [0x00000006c0000000,0x00000006c01c4458,0x00000006cab00000)
 Metaspace       used 16779K, capacity 17076K, committed 17280K, reserved 1064960K
  class space    used 2301K, capacity 2365K, committed 2432K, reserved 1048576K
}
Event: 1364,865 GC heap before
{Heap before GC invocations=2 (full 0):
 PSYoungGen      total 76288K, used 71992K [0x000000076ab00000, 0x0000000770000000, 0x00000007c0000000)
  eden space 65536K, 93% used [0x000000076ab00000,0x000000076e6d0f38,0x000000076eb00000)
  from space 10752K, 99% used [0x000000076eb00000,0x000000076f57d3e8,0x000000076f580000)
  to   space 10752K, 0% used [0x000000076f580000,0x000000076f580000,0x0000000770000000)
 ParOldGen       total 175104K, used 8410K [0x00000006c0000000, 0x00000006cab00000, 0x000000076ab00000)
  object space 175104K, 4% used [0x00000006c0000000,0x00000006c0836be8,0x00000006cab00000)
 Metaspace       used 17571K, capacity 17922K, committed 18048K, reserved 1064960K
  class space    used 2345K, capacity 2430K, committed 2432K, reserved 1048576K
Event: 1364,889 GC heap after
Heap after GC invocations=2 (full 0):
 PSYoungGen      total 76288K, used 10747K [0x000000076ab00000, 0x0000000770000000, 0x00000007c0000000)
  eden space 65536K, 0% used [0x000000076ab00000,0x000000076ab00000,0x000000076eb00000)
  from space 10752K, 99% used [0x000000076f580000,0x000000076fffedc8,0x0000000770000000)
  to   space 10752K, 0% used [0x000000076eb00000,0x000000076eb00000,0x000000076f580000)
 ParOldGen       total 175104K, used 14292K [0x00000006c0000000, 0x00000006cab00000, 0x000000076ab00000)
  object space 175104K, 8% used [0x00000006c0000000,0x00000006c0df5398,0x00000006cab00000)
 Metaspace       used 17571K, capacity 17922K, committed 18048K, reserved 1064960K
  class space    used 2345K, capacity 2430K, committed 2432K, reserved 1048576K
}
Event: 2345,391 GC heap before
{Heap before GC invocations=3 (full 0):
 PSYoungGen      total 76288K, used 76283K [0x000000076ab00000, 0x0000000770000000, 0x00000007c0000000)
  eden space 65536K, 100% used [0x000000076ab00000,0x000000076eb00000,0x000000076eb00000)
  from space 10752K, 99% used [0x000000076f580000,0x000000076fffedc8,0x0000000770000000)
  to   space 10752K, 0% used [0x000000076eb00000,0x000000076eb00000,0x000000076f580000)
 ParOldGen       total 175104K, used 14295K [0x00000006c0000000, 0x00000006cab00000, 0x000000076ab00000)
  object space 175104K, 8% used [0x00000006c0000000,0x00000006c0df5d30,0x00000006cab00000)
 Metaspace       used 18040K, capacity 18408K, committed 18688K, reserved 1064960K
  class space    used 2375K, capacity 2463K, committed 2560K, reserved 1048576K
Event: 2345,406 GC heap after
Heap after GC invocations=3 (full 0):
 PSYoungGen      total 76288K, used 10734K [0x000000076ab00000, 0x0000000770000000, 0x00000007c0000000)
  eden space 65536K, 0% used [0x000000076ab00000,0x000000076ab00000,0x000000076eb00000)
  from space 10752K, 99% used [0x000000076eb00000,0x000000076f57bad0,0x000000076f580000)
  to   space 10752K, 0% used [0x000000076f580000,0x000000076f580000,0x0000000770000000)
 ParOldGen       total 175104K, used 34643K [0x00000006c0000000, 0x00000006cab00000, 0x000000076ab00000)
  object space 175104K, 19% used [0x00000006c0000000,0x00000006c21d4c68,0x00000006cab00000)
 Metaspace       used 18040K, capacity 18408K, committed 18688K, reserved 1064960K
  class space    used 2375K, capacity 2463K, committed 2560K, reserved 1048576K
}

Deoptimization events (10 events):
Event: 2062,965 Thread 0x00007fa751168800 Uncommon trap: reason=unreached action=reinterpret pc=0x000000010685b240 method=sun.java2d.SunGraphics2D.clone()Ljava/lang/Object; @ 48
Event: 2064,084 Thread 0x00007fa751168800 Uncommon trap: reason=unreached action=reinterpret pc=0x00000001069402f0 method=sun.java2d.SunGraphics2D.clip(Ljava/awt/Shape;)V @ 10
Event: 2064,084 Thread 0x00007fa751168800 Uncommon trap: reason=class_check action=maybe_recompile pc=0x0000000106a3928c method=sun.java2d.opengl.OGLTextRenderer.validateContext(Lsun/java2d/SunGraphics2D;Ljava/awt/Composite;)V @ 4
Event: 2064,084 Thread 0x00007fa751168800 Uncommon trap: reason=class_check action=maybe_recompile pc=0x0000000106a3928c method=sun.java2d.opengl.OGLTextRenderer.validateContext(Lsun/java2d/SunGraphics2D;Ljava/awt/Composite;)V @ 4
Event: 2064,135 Thread 0x00007fa751168800 Uncommon trap: reason=class_check action=maybe_recompile pc=0x0000000106a3928c method=sun.java2d.opengl.OGLTextRenderer.validateContext(Lsun/java2d/SunGraphics2D;Ljava/awt/Composite;)V @ 4
Event: 2064,135 Thread 0x00007fa751168800 Uncommon trap: reason=class_check action=maybe_recompile pc=0x0000000106a3928c method=sun.java2d.opengl.OGLTextRenderer.validateContext(Lsun/java2d/SunGraphics2D;Ljava/awt/Composite;)V @ 4
Event: 2066,910 Thread 0x00007fa751168800 Uncommon trap: reason=class_check action=maybe_recompile pc=0x00000001069784d8 method=java.awt.Component.setBackground(Ljava/awt/Color;)V @ 30
Event: 2075,550 Thread 0x00007fa751168800 Uncommon trap: reason=unreached action=reinterpret pc=0x00000001065d7064 method=java.util.concurrent.locks.AbstractQueuedSynchronizer.isOnSyncQueue(Ljava/util/concurrent/locks/AbstractQueuedSynchronizer$Node;)Z @ 22
Event: 2077,016 Thread 0x00007fa751168800 Uncommon trap: reason=class_check action=maybe_recompile pc=0x00000001069784d8 method=java.awt.Component.setBackground(Ljava/awt/Color;)V @ 30
Event: 2161,014 Thread 0x00007fa751168800 Uncommon trap: reason=unreached action=reinterpret pc=0x00000001067c06bc method=javax.swing.table.DefaultTableCellRenderer.getTableCellRendererComponent(Ljavax/swing/JTable;Ljava/lang/Object;ZZII)Ljava/awt/Component; @ 132

Internal exceptions (10 events):
Event: 87,176 Thread 0x00007fa751168800 Exception <a 'java/security/PrivilegedActionException'> (0x000000076cd4e0c0) thrown at [/HUDSON3/workspace/8-2-build-macosx-x86_64/jdk8u25/1514/hotspot/src/share/vm/prims/jvm.cpp, line 1312]
Event: 176,595 Thread 0x00007fa751168800 Implicit null exception at 0x0000000106ad89f4 to 0x0000000106ad8a39
Event: 1364,915 Thread 0x00007fa751168800 Implicit null exception at 0x0000000106886d71 to 0x000000010688796d
Event: 2055,493 Thread 0x00007fa751168800 Implicit null exception at 0x00000001069b4617 to 0x00000001069b4d6d
Event: 2064,084 Thread 0x00007fa751168800 Implicit null exception at 0x000000010693f958 to 0x00000001069402e1
Event: 2160,799 Thread 0x00007fa751168800 Exception <a 'java/security/PrivilegedActionException'> (0x000000076e2712b0) thrown at [/HUDSON3/workspace/8-2-build-macosx-x86_64/jdk8u25/1514/hotspot/src/share/vm/prims/jvm.cpp, line 1312]
Event: 2160,801 Thread 0x00007fa751168800 Exception <a 'java/io/FileNotFoundException'> (0x000000076e276af0) thrown at [/HUDSON3/workspace/8-2-build-macosx-x86_64/jdk8u25/1514/hotspot/src/share/vm/prims/jni.cpp, line 716]
Event: 2160,852 Thread 0x00007fa751168800 Exception <a 'java/io/FileNotFoundException'> (0x000000076e277218) thrown at [/HUDSON3/workspace/8-2-build-macosx-x86_64/jdk8u25/1514/hotspot/src/share/vm/prims/jni.cpp, line 716]
Event: 2214,153 Thread 0x00007fa751860800 Exception <a 'java/security/PrivilegedActionException'> (0x000000076e48e1c8) thrown at [/HUDSON3/workspace/8-2-build-macosx-x86_64/jdk8u25/1514/hotspot/src/share/vm/prims/jvm.cpp, line 1312]
Event: 2256,685 Thread 0x00007fa751860800 Exception <a 'java/security/PrivilegedActionException'> (0x000000076e600d30) thrown at [/HUDSON3/workspace/8-2-build-macosx-x86_64/jdk8u25/1514/hotspot/src/share/vm/prims/jvm.cpp, line 1312]

Events (10 events):
Event: 2345,412 Executing VM operation: RevokeBias
Event: 2345,412 Executing VM operation: RevokeBias done
Event: 2345,412 Executing VM operation: RevokeBias
Event: 2345,412 Executing VM operation: RevokeBias done
Event: 2345,412 Executing VM operation: RevokeBias
Event: 2345,412 Executing VM operation: RevokeBias done
Event: 2345,413 Executing VM operation: RevokeBias
Event: 2345,413 Executing VM operation: RevokeBias done
Event: 2345,413 Executing VM operation: RevokeBias
Event: 2345,413 Executing VM operation: RevokeBias done


Dynamic libraries:
0x000000000ae27000 	/System/Library/Frameworks/Cocoa.framework/Versions/A/Cocoa
0x000000000ae27000 	/System/Library/Frameworks/Security.framework/Versions/A/Security
0x000000000ae27000 	/System/Library/Frameworks/ApplicationServices.framework/Versions/A/ApplicationServices
0x000000000ae27000 	/usr/lib/libz.1.dylib
0x000000000ae27000 	/usr/lib/libSystem.B.dylib
0x000000000ae27000 	/usr/lib/libobjc.A.dylib
0x000000000ae27000 	/System/Library/Frameworks/CoreFoundation.framework/Versions/A/CoreFoundation
0x000000000ae27000 	/System/Library/Frameworks/Foundation.framework/Versions/C/Foundation
0x000000000ae27000 	/System/Library/Frameworks/AppKit.framework/Versions/C/AppKit
0x000000000ae27000 	/System/Library/Frameworks/CoreData.framework/Versions/A/CoreData
0x000000000ae27000 	/System/Library/PrivateFrameworks/RemoteViewServices.framework/Versions/A/RemoteViewServices
0x000000000ae27000 	/System/Library/Frameworks/AudioToolbox.framework/Versions/A/AudioToolbox
0x000000000ae27000 	/System/Library/Frameworks/AudioUnit.framework/Versions/A/AudioUnit
0x000000000ae27000 	/System/Library/PrivateFrameworks/DataDetectorsCore.framework/Versions/A/DataDetectorsCore
0x000000000ae27000 	/System/Library/PrivateFrameworks/DesktopServicesPriv.framework/Versions/A/DesktopServicesPriv
0x000000000ae27000 	/System/Library/Frameworks/Carbon.framework/Versions/A/Frameworks/HIToolbox.framework/Versions/A/HIToolbox
0x000000000ae27000 	/System/Library/Frameworks/QuartzCore.framework/Versions/A/QuartzCore
0x000000000ae27000 	/System/Library/Frameworks/Carbon.framework/Versions/A/Frameworks/SpeechRecognition.framework/Versions/A/SpeechRecognition
0x000000000ae27000 	/usr/lib/libauto.dylib
0x000000000ae27000 	/usr/lib/libicucore.A.dylib
0x000000000ae27000 	/usr/lib/libxml2.2.dylib
0x000000000ae27000 	/System/Library/PrivateFrameworks/CoreUI.framework/Versions/A/CoreUI
0x000000000ae27000 	/System/Library/Frameworks/CoreAudio.framework/Versions/A/CoreAudio
0x000000000ae27000 	/System/Library/Frameworks/DiskArbitration.framework/Versions/A/DiskArbitration
0x000000000ae27000 	/usr/lib/liblangid.dylib
0x000000000ae27000 	/System/Library/PrivateFrameworks/MultitouchSupport.framework/Versions/A/MultitouchSupport
0x000000000ae27000 	/System/Library/Frameworks/IOKit.framework/Versions/A/IOKit
0x000000000ae27000 	/usr/lib/libDiagnosticMessagesClient.dylib
0x000000000ae27000 	/System/Library/Frameworks/CoreServices.framework/Versions/A/CoreServices
0x000000000ae27000 	/System/Library/PrivateFrameworks/PerformanceAnalysis.framework/Versions/A/PerformanceAnalysis
0x000000000ae27000 	/System/Library/PrivateFrameworks/GenerationalStorage.framework/Versions/A/GenerationalStorage
0x000000000ae27000 	/System/Library/Frameworks/OpenGL.framework/Versions/A/OpenGL
0x000000000ae27000 	/System/Library/PrivateFrameworks/Sharing.framework/Versions/A/Sharing
0x000000000ae27000 	/System/Library/Frameworks/ImageIO.framework/Versions/A/ImageIO
0x000000000ae27000 	/System/Library/Frameworks/CoreText.framework/Versions/A/CoreText
0x000000000ae27000 	/System/Library/Frameworks/CoreGraphics.framework/Versions/A/CoreGraphics
0x000000000ae27000 	/System/Library/PrivateFrameworks/Backup.framework/Versions/A/Backup
0x000000000ae27000 	/System/Library/Frameworks/CFNetwork.framework/Versions/A/CFNetwork
0x000000000ae27000 	/System/Library/Frameworks/SystemConfiguration.framework/Versions/A/SystemConfiguration
0x000000000ae27000 	/usr/lib/libCRFSuite.dylib
0x000000000ae27000 	/usr/lib/libc++.1.dylib
0x000000000ae27000 	/usr/lib/libc++abi.dylib
0x000000000ae27000 	/usr/lib/system/libcache.dylib
0x000000000ae27000 	/usr/lib/system/libcommonCrypto.dylib
0x000000000ae27000 	/usr/lib/system/libcompiler_rt.dylib
0x000000000ae27000 	/usr/lib/system/libcopyfile.dylib
0x000000000ae27000 	/usr/lib/system/libcorecrypto.dylib
0x000000000ae27000 	/usr/lib/system/libdispatch.dylib
0x000000000ae27000 	/usr/lib/system/libdyld.dylib
0x000000000ae27000 	/usr/lib/system/libkeymgr.dylib
0x000000000ae27000 	/usr/lib/system/liblaunch.dylib
0x000000000ae27000 	/usr/lib/system/libmacho.dylib
0x000000000ae27000 	/usr/lib/system/libquarantine.dylib
0x000000000ae27000 	/usr/lib/system/libremovefile.dylib
0x000000000ae27000 	/usr/lib/system/libsystem_asl.dylib
0x000000000ae27000 	/usr/lib/system/libsystem_blocks.dylib
0x000000000ae27000 	/usr/lib/system/libsystem_c.dylib
0x000000000ae27000 	/usr/lib/system/libsystem_configuration.dylib
0x000000000ae27000 	/usr/lib/system/libsystem_dnssd.dylib
0x000000000ae27000 	/usr/lib/system/libsystem_info.dylib
0x000000000ae27000 	/usr/lib/system/libsystem_kernel.dylib
0x000000000ae27000 	/usr/lib/system/libsystem_m.dylib
0x000000000ae27000 	/usr/lib/system/libsystem_malloc.dylib
0x000000000ae27000 	/usr/lib/system/libsystem_network.dylib
0x000000000ae27000 	/usr/lib/system/libsystem_notify.dylib
0x000000000ae27000 	/usr/lib/system/libsystem_platform.dylib
0x000000000ae27000 	/usr/lib/system/libsystem_pthread.dylib
0x000000000ae27000 	/usr/lib/system/libsystem_sandbox.dylib
0x000000000ae27000 	/usr/lib/system/libsystem_stats.dylib
0x000000000ae27000 	/usr/lib/system/libunc.dylib
0x000000000ae27000 	/usr/lib/system/libunwind.dylib
0x000000000ae27000 	/usr/lib/system/libxpc.dylib
0x000000000ae27000 	/usr/lib/libbsm.0.dylib
0x000000000ae27000 	/usr/lib/libsqlite3.dylib
0x000000000ae27000 	/usr/lib/libxar.1.dylib
0x000000000ae27000 	/usr/lib/libpam.2.dylib
0x000000000ae27000 	/usr/lib/libOpenScriptingUtil.dylib
0x000000000ae27000 	/usr/lib/libbz2.1.0.dylib
0x000000000ae27000 	/System/Library/Frameworks/CoreServices.framework/Versions/A/Frameworks/CarbonCore.framework/Versions/A/CarbonCore
0x000000000ae27000 	/System/Library/Frameworks/CoreServices.framework/Versions/A/Frameworks/Metadata.framework/Versions/A/Metadata
0x000000000ae27000 	/System/Library/Frameworks/CoreServices.framework/Versions/A/Frameworks/OSServices.framework/Versions/A/OSServices
0x000000000ae27000 	/System/Library/Frameworks/CoreServices.framework/Versions/A/Frameworks/SearchKit.framework/Versions/A/SearchKit
0x000000000ae27000 	/System/Library/Frameworks/CoreServices.framework/Versions/A/Frameworks/AE.framework/Versions/A/AE
0x000000000ae27000 	/System/Library/Frameworks/CoreServices.framework/Versions/A/Frameworks/LaunchServices.framework/Versions/A/LaunchServices
0x000000000ae27000 	/System/Library/Frameworks/CoreServices.framework/Versions/A/Frameworks/DictionaryServices.framework/Versions/A/DictionaryServices
0x000000000ae27000 	/System/Library/Frameworks/NetFS.framework/Versions/A/NetFS
0x000000000ae27000 	/usr/lib/system/libkxld.dylib
0x000000000ae27000 	/System/Library/PrivateFrameworks/NetAuth.framework/Versions/A/NetAuth
0x000000000ae27000 	/System/Library/PrivateFrameworks/TCC.framework/Versions/A/TCC
0x000000000ae27000 	/System/Library/Frameworks/OpenDirectory.framework/Versions/A/Frameworks/CFOpenDirectory.framework/Versions/A/CFOpenDirectory
0x000000000ae27000 	/System/Library/Frameworks/ServiceManagement.framework/Versions/A/ServiceManagement
0x000000000ae27000 	/usr/lib/libxslt.1.dylib
0x000000000ae27000 	/System/Library/Frameworks/Carbon.framework/Versions/A/Frameworks/Ink.framework/Versions/A/Ink
0x000000000ae27000 	/System/Library/Frameworks/ApplicationServices.framework/Versions/A/Frameworks/ATS.framework/Versions/A/ATS
0x000000000ae27000 	/System/Library/Frameworks/ApplicationServices.framework/Versions/A/Frameworks/ColorSync.framework/Versions/A/ColorSync
0x000000000ae27000 	/System/Library/Frameworks/ApplicationServices.framework/Versions/A/Frameworks/HIServices.framework/Versions/A/HIServices
0x000000000ae27000 	/System/Library/Frameworks/ApplicationServices.framework/Versions/A/Frameworks/LangAnalysis.framework/Versions/A/LangAnalysis
0x000000000ae27000 	/System/Library/Frameworks/ApplicationServices.framework/Versions/A/Frameworks/PrintCore.framework/Versions/A/PrintCore
0x000000000ae27000 	/System/Library/Frameworks/ApplicationServices.framework/Versions/A/Frameworks/QD.framework/Versions/A/QD
0x000000000ae27000 	/System/Library/Frameworks/ApplicationServices.framework/Versions/A/Frameworks/SpeechSynthesis.framework/Versions/A/SpeechSynthesis
0x000000000ae27000 	/System/Library/Frameworks/IOSurface.framework/Versions/A/IOSurface
0x000000000ae27000 	/System/Library/Frameworks/Accelerate.framework/Versions/A/Accelerate
0x000000000ae27000 	/System/Library/Frameworks/Accelerate.framework/Versions/A/Frameworks/vImage.framework/Versions/A/vImage
0x000000000ae27000 	/System/Library/Frameworks/Accelerate.framework/Versions/A/Frameworks/vecLib.framework/Versions/A/vecLib
0x000000000ae27000 	/System/Library/Frameworks/Accelerate.framework/Versions/A/Frameworks/vecLib.framework/Versions/A/libvDSP.dylib
0x000000000ae27000 	/System/Library/Frameworks/Accelerate.framework/Versions/A/Frameworks/vecLib.framework/Versions/A/libvMisc.dylib
0x000000000ae27000 	/System/Library/Frameworks/Accelerate.framework/Versions/A/Frameworks/vecLib.framework/Versions/A/libLAPACK.dylib
0x000000000ae27000 	/System/Library/Frameworks/Accelerate.framework/Versions/A/Frameworks/vecLib.framework/Versions/A/libBLAS.dylib
0x000000000ae27000 	/System/Library/Frameworks/ApplicationServices.framework/Versions/A/Frameworks/ATS.framework/Versions/A/Resources/libFontParser.dylib
0x000000000ae27000 	/System/Library/Frameworks/ApplicationServices.framework/Versions/A/Frameworks/ATS.framework/Versions/A/Resources/libFontRegistry.dylib
0x000000000ae27000 	/System/Library/Frameworks/ImageIO.framework/Versions/A/Resources/libJPEG.dylib
0x000000000ae27000 	/System/Library/Frameworks/ImageIO.framework/Versions/A/Resources/libTIFF.dylib
0x000000000ae27000 	/System/Library/Frameworks/ImageIO.framework/Versions/A/Resources/libPng.dylib
0x000000000ae27000 	/System/Library/Frameworks/ImageIO.framework/Versions/A/Resources/libGIF.dylib
0x000000000ae27000 	/System/Library/Frameworks/ImageIO.framework/Versions/A/Resources/libJP2.dylib
0x000000000ae27000 	/System/Library/Frameworks/ImageIO.framework/Versions/A/Resources/libRadiance.dylib
0x000000000ae27000 	/usr/lib/libcups.2.dylib
0x000000000ae27000 	/System/Library/Frameworks/Kerberos.framework/Versions/A/Kerberos
0x000000000ae27000 	/System/Library/Frameworks/GSS.framework/Versions/A/GSS
0x000000000ae27000 	/usr/lib/libresolv.9.dylib
0x000000000ae27000 	/usr/lib/libiconv.2.dylib
0x000000000ae27000 	/System/Library/PrivateFrameworks/Heimdal.framework/Versions/A/Heimdal
0x000000000ae27000 	/System/Library/PrivateFrameworks/TrustEvaluationAgent.framework/Versions/A/TrustEvaluationAgent
0x000000000ae27000 	/usr/lib/libheimdal-asn1.dylib
0x000000000ae27000 	/System/Library/Frameworks/OpenDirectory.framework/Versions/A/OpenDirectory
0x000000000ae27000 	/System/Library/PrivateFrameworks/CommonAuth.framework/Versions/A/CommonAuth
0x000000000ae27000 	/System/Library/Frameworks/SecurityFoundation.framework/Versions/A/SecurityFoundation
0x000000000ae27000 	/System/Library/PrivateFrameworks/Bom.framework/Versions/A/Bom
0x000000000ae27000 	/System/Library/Frameworks/CoreVideo.framework/Versions/A/CoreVideo
0x000000000ae27000 	/System/Library/Frameworks/QuartzCore.framework/Versions/A/Frameworks/CoreImage.framework/Versions/A/CoreImage
0x000000000ae27000 	/System/Library/Frameworks/QuartzCore.framework/Versions/A/Frameworks/ScalableUserInterface.framework/Versions/A/ScalableUserInterface
0x000000000ae27000 	/System/Library/Frameworks/OpenGL.framework/Versions/A/Libraries/libGLU.dylib
0x000000000ae27000 	/System/Library/Frameworks/OpenGL.framework/Versions/A/Libraries/libGFXShared.dylib
0x000000000ae27000 	/System/Library/Frameworks/OpenGL.framework/Versions/A/Libraries/libGL.dylib
0x000000000ae27000 	/System/Library/Frameworks/OpenGL.framework/Versions/A/Libraries/libGLImage.dylib
0x000000000ae27000 	/System/Library/Frameworks/OpenGL.framework/Versions/A/Libraries/libCVMSPluginSupport.dylib
0x000000000ae27000 	/System/Library/Frameworks/OpenGL.framework/Versions/A/Libraries/libCoreVMClient.dylib
0x000000000ae27000 	/System/Library/PrivateFrameworks/FaceCore.framework/Versions/A/FaceCore
0x000000000ae27000 	/System/Library/PrivateFrameworks/CrashReporterSupport.framework/Versions/A/CrashReporterSupport
0x000000000ae27000 	/System/Library/Frameworks/OpenCL.framework/Versions/A/OpenCL
0x000000000ae27000 	/System/Library/PrivateFrameworks/AppleFSCompression.framework/Versions/A/AppleFSCompression
0x000000000ae27000 	/System/Library/PrivateFrameworks/Ubiquity.framework/Versions/A/Ubiquity
0x000000000ae27000 	/System/Library/PrivateFrameworks/IconServices.framework/Versions/A/IconServices
0x000000000ae27000 	/System/Library/PrivateFrameworks/ChunkingLibrary.framework/Versions/A/ChunkingLibrary
0x000000000ae27000 	/System/Library/PrivateFrameworks/CoreSymbolication.framework/Versions/A/CoreSymbolication
0x000000000ae27000 	/System/Library/PrivateFrameworks/Symbolication.framework/Versions/A/Symbolication
0x000000000ae27000 	/System/Library/PrivateFrameworks/DebugSymbols.framework/Versions/A/DebugSymbols
0x0000000105200000 	/Library/Java/JavaVirtualMachines/jdk1.8.0_25.jdk/Contents/Home/jre/lib/server/libjvm.dylib
0x000000000ae27000 	/usr/lib/libstdc++.6.dylib
0x00000001041b6000 	/Library/Java/JavaVirtualMachines/jdk1.8.0_25.jdk/Contents/Home/jre/lib/libverify.dylib
0x00000001041c4000 	/Library/Java/JavaVirtualMachines/jdk1.8.0_25.jdk/Contents/Home/jre/lib/libjava.dylib
0x0000000106124000 	/Library/Java/JavaVirtualMachines/jdk1.8.0_25.jdk/Contents/Home/jre/lib/libzip.dylib
0x0000000121d00000 	/System/Library/Frameworks/JavaVM.framework/Frameworks/JavaRuntimeSupport.framework/JavaRuntimeSupport
0x0000000121d18000 	/System/Library/Frameworks/JavaVM.framework/Versions/A/Frameworks/JavaNativeFoundation.framework/Versions/A/JavaNativeFoundation
0x0000000121d2c000 	/System/Library/Frameworks/JavaVM.framework/Versions/A/JavaVM
0x000000000ae27000 	/System/Library/Frameworks/Carbon.framework/Versions/A/Carbon
0x0000000121d38000 	/System/Library/PrivateFrameworks/JavaLaunching.framework/Versions/A/JavaLaunching
0x000000000ae27000 	/System/Library/Frameworks/Carbon.framework/Versions/A/Frameworks/CommonPanels.framework/Versions/A/CommonPanels
0x000000000ae27000 	/System/Library/Frameworks/Carbon.framework/Versions/A/Frameworks/Help.framework/Versions/A/Help
0x000000000ae27000 	/System/Library/Frameworks/Carbon.framework/Versions/A/Frameworks/ImageCapture.framework/Versions/A/ImageCapture
0x000000000ae27000 	/System/Library/Frameworks/Carbon.framework/Versions/A/Frameworks/OpenScripting.framework/Versions/A/OpenScripting
0x000000000ae27000 	/System/Library/Frameworks/Carbon.framework/Versions/A/Frameworks/Print.framework/Versions/A/Print
0x000000000ae27000 	/System/Library/Frameworks/Carbon.framework/Versions/A/Frameworks/SecurityHI.framework/Versions/A/SecurityHI
0x0000000122577000 	/Library/Java/JavaVirtualMachines/jdk1.8.0_25.jdk/Contents/Home/jre/lib/libawt.dylib
0x0000000122626000 	/Library/Java/JavaVirtualMachines/jdk1.8.0_25.jdk/Contents/Home/jre/lib/./libmlib_image.dylib
0x00000001226f2000 	/Library/Java/JavaVirtualMachines/jdk1.8.0_25.jdk/Contents/Home/jre/lib/libawt_lwawt.dylib
0x00000001227a5000 	/Library/Java/JavaVirtualMachines/jdk1.8.0_25.jdk/Contents/Home/jre/lib/./libosxapp.dylib
0x000000000ae27000 	/System/Library/Frameworks/ExceptionHandling.framework/Versions/A/ExceptionHandling
0x000000000ae27000 	/System/Library/PrivateFrameworks/CoreServicesInternal.framework/Versions/A/CoreServicesInternal
0x000000000ae27000 	/System/Library/PrivateFrameworks/Librarian.framework/Versions/A/Librarian
0x000000000ae27000 	/System/Library/Frameworks/CoreGraphics.framework/Versions/A/Resources/libCGCMS.A.dylib
0x000000000ae27000 	/System/Library/Frameworks/CoreGraphics.framework/Versions/A/Resources/libRIP.A.dylib
0x000000000ae27000 	/System/Library/Frameworks/CoreGraphics.framework/Versions/A/Resources/libCGXType.A.dylib
0x000000000ae27000 	/System/Library/PrivateFrameworks/FamilyControls.framework/Versions/A/FamilyControls
0x000000000ae27000 	/System/Library/PrivateFrameworks/CommerceKit.framework/Versions/A/Frameworks/CommerceCore.framework/Versions/A/CommerceCore
0x000000000ae27000 	/System/Library/PrivateFrameworks/SystemAdministration.framework/Versions/A/SystemAdministration
0x000000000ae27000 	/System/Library/Frameworks/DirectoryService.framework/Versions/A/DirectoryService
0x000000000ae27000 	/System/Library/PrivateFrameworks/DiskImages.framework/Versions/A/DiskImages
0x000000000ae27000 	/System/Library/PrivateFrameworks/LoginUIKit.framework/Versions/A/Frameworks/LoginUICore.framework/Versions/A/LoginUICore
0x000000000ae27000 	/usr/lib/libCoreStorage.dylib
0x000000000ae27000 	/usr/lib/libcsfde.dylib
0x000000000ae27000 	/usr/lib/libodfde.dylib
0x000000000ae27000 	/System/Library/Frameworks/DiscRecording.framework/Versions/A/DiscRecording
0x000000000ae27000 	/usr/lib/libcurl.4.dylib
0x000000000ae27000 	/System/Library/PrivateFrameworks/MediaKit.framework/Versions/A/MediaKit
0x000000000ae27000 	/System/Library/PrivateFrameworks/EFILogin.framework/Versions/A/EFILogin
0x000000000ae27000 	/usr/lib/libutil.dylib
0x000000000ae27000 	/System/Library/PrivateFrameworks/AOSNotification.framework/Versions/A/AOSNotification
0x000000000ae27000 	/System/Library/Frameworks/LDAP.framework/Versions/A/LDAP
0x000000000ae27000 	/usr/lib/libsasl2.2.dylib
0x000000000ae27000 	/usr/lib/libcrypto.0.9.8.dylib
0x000000000ae27000 	/usr/lib/libssl.0.9.8.dylib
0x0000000126b1c000 	/Library/Java/JavaVirtualMachines/jdk1.8.0_25.jdk/Contents/Home/jre/lib/libfontmanager.dylib
0x0000000125106000 	/Library/Java/JavaVirtualMachines/jdk1.8.0_25.jdk/Contents/Home/jre/lib/libosxui.dylib
0x000000000ae27000 	/System/Library/Frameworks/OpenGL.framework/Versions/A/Resources/GLEngine.bundle/GLEngine
0x000000000ae27000 	/System/Library/Frameworks/OpenGL.framework/Versions/A/Libraries/libGLProgrammability.dylib
0x0000000000000000 	/System/Library/Extensions/AppleIntelHD5000GraphicsGLDriver.bundle/Contents/MacOS/AppleIntelHD5000GraphicsGLDriver
0x000000000ae27000 	/System/Library/PrivateFrameworks/IOAccelerator.framework/Versions/A/IOAccelerator
0x000000000ae27000 	/System/Library/PrivateFrameworks/GPUSupport.framework/Versions/A/Libraries/libGPUSupportMercury.dylib
0x000000000ae27000 	/System/Library/Frameworks/OpenGL.framework/Versions/A/Resources/GLRendererFloat.bundle/GLRendererFloat
0x000000000ae27000 	/System/Library/Frameworks/OpenCL.framework/Versions/A/Libraries/libcldcpuengine.dylib
0x00000001281e0000 	/Library/Java/JavaVirtualMachines/jdk1.8.0_25.jdk/Contents/Home/jre/lib/libnet.dylib
0x0000000127f99000 	/Library/Java/JavaVirtualMachines/jdk1.8.0_25.jdk/Contents/Home/jre/lib/libnio.dylib
0x0000000129e28000 	/Library/Java/JavaVirtualMachines/jdk1.8.0_25.jdk/Contents/Home/jre/lib/libdcpr.dylib

VM Arguments:
java_command: HardwareSimulatorMain
java_class_path (initial): :bin/classes:BuiltIn:bin/lib/Hack.jar:bin/lib/HackGUI.jar:bin/lib/Simulators.jar:bin/lib/SimulatorsGUI.jar:bin/lib/Compilers.jar
Launcher Type: SUN_STANDARD

Environment Variables:
PATH=/Users/c0681/.rvm/gems/ruby-1.9.3-p551/bin:/Users/c0681/.rvm/gems/ruby-1.9.3-p551@global/bin:/Users/c0681/.rvm/rubies/ruby-1.9.3-p551/bin:/opt/apache-ant-1.9.4/bin:/Library/Frameworks/Python.framework/Versions/3.4/bin:/usr/bin:/bin:/usr/sbin:/sbin:/usr/local/bin:/opt/X11/bin:/Users/c0681/.rvm/bin
SHELL=/bin/bash
DISPLAY=/tmp/launch-iRMGKf/org.macosforge.xquartz:0

Signal Handlers:
SIGSEGV: [libjvm.dylib+0x579dc7], sa_mask[0]=11111111011111110111111111111111, sa_flags=SA_ONSTACK|SA_RESTART|SA_SIGINFO
SIGBUS: [libjvm.dylib+0x579dc7], sa_mask[0]=11111111011111110111111111111111, sa_flags=SA_RESTART|SA_SIGINFO
SIGFPE: [libjvm.dylib+0x45b030], sa_mask[0]=11111111011111110111111111111111, sa_flags=SA_RESTART|SA_SIGINFO
SIGPIPE: [libjvm.dylib+0x45b030], sa_mask[0]=11111111011111110111111111111111, sa_flags=SA_RESTART|SA_SIGINFO
SIGXFSZ: [libjvm.dylib+0x45b030], sa_mask[0]=11111111011111110111111111111111, sa_flags=SA_RESTART|SA_SIGINFO
SIGILL: [libjvm.dylib+0x45b030], sa_mask[0]=11111111011111110111111111111111, sa_flags=SA_RESTART|SA_SIGINFO
SIGUSR1: SIG_DFL, sa_mask[0]=11011111011111100000000111000110, sa_flags=none
SIGUSR2: [libjvm.dylib+0x45ab4e], sa_mask[0]=00000000000000000000000000000000, sa_flags=SA_RESTART|SA_SIGINFO
SIGHUP: [libjvm.dylib+0x459121], sa_mask[0]=11111111011111110111111111111111, sa_flags=SA_RESTART|SA_SIGINFO
SIGINT: SIG_IGN, sa_mask[0]=00000000000000000000000000000000, sa_flags=none
SIGTERM: [libjvm.dylib+0x459121], sa_mask[0]=11111111011111110111111111111111, sa_flags=SA_RESTART|SA_SIGINFO
SIGQUIT: [libjvm.dylib+0x459121], sa_mask[0]=11111111011111110111111111111111, sa_flags=SA_RESTART|SA_SIGINFO


---------------  S Y S T E M  ---------------

OS:Bsduname:Darwin 13.4.0 Darwin Kernel Version 13.4.0: Wed Dec 17 19:05:52 PST 2014; root:xnu-2422.115.10~1/RELEASE_X86_64 x86_64
rlimit: STACK 8192k, CORE 0k, NPROC 709, NOFILE 10240, AS infinity
load average:1,14 1,27 1,23

CPU:total 8 (4 cores per cpu, 2 threads per core) family 6 model 70 stepping 1, cmov, cx8, fxsr, mmx, sse, sse2, sse3, ssse3, sse4.1, sse4.2, popcnt, avx, avx2, aes, clmul, erms, lzcnt, ht, tsc, tscinvbit, bmi1, bmi2

Memory: 4k page, physical 16777216k(2702088k free)

/proc/meminfo:


vm_info: Java HotSpot(TM) 64-Bit Server VM (25.25-b02) for bsd-amd64 JRE (1.8.0_25-b17), built on Sep 17 2014 16:56:50 by "java_re" with gcc 4.2.1 (Based on Apple Inc. build 5658) (LLVM build 2336.11.00)

time: Thu Apr 16 10:06:46 2015
elapsed time: 2345 seconds (0d 0h 39m 5s)

